#
# There is insufficient memory for the Java Runtime Environment to continue.
# Native memory allocation (malloc) failed to allocate 1252816 bytes. Error detail: Chunk::new
# Possible reasons:
#   The system is out of physical RAM or swap space
#   This process is running with CompressedOops enabled, and the Java Heap may be blocking the growth of the native heap
# Possible solutions:
#   Reduce memory load on the system
#   Increase physical memory or swap space
#   Check if swap backing store is full
#   Decrease Java heap size (-Xmx/-Xms)
#   Decrease number of Java threads
#   Decrease Java thread stack sizes (-Xss)
#   Set larger code cache with -XX:ReservedCodeCacheSize=
#   JVM is running with Zero Based Compressed Oops mode in which the Java heap is
#     placed in the first 32GB address space. The Java Heap base address is the
#     maximum limit for the native heap growth. Please use -XX:HeapBaseMinAddress
#     to set the Java Heap base and to place the Java Heap above 32GB virtual address.
# This output file may be truncated or incomplete.
#
#  Out of Memory Error (arena.cpp:191), pid=6912, tid=23684
#
# JRE version: OpenJDK Runtime Environment Microsoft-11369865 (17.0.15+6) (build 17.0.15+6-LTS)
# Java VM: OpenJDK 64-Bit Server VM Microsoft-11369865 (17.0.15+6-LTS, mixed mode, sharing, tiered, compressed oops, compressed class ptrs, g1 gc, windows-amd64)
# No core dump will be written. Minidumps are not enabled by default on client versions of Windows
#

---------------  S U M M A R Y ------------

Command Line: --add-opens=java.base/java.lang=ALL-UNNAMED --add-opens=java.base/java.lang.invoke=ALL-UNNAMED --add-opens=java.base/java.util=ALL-UNNAMED --add-opens=java.prefs/java.util.prefs=ALL-UNNAMED --add-exports=jdk.compiler/com.sun.tools.javac.api=ALL-UNNAMED --add-exports=jdk.compiler/com.sun.tools.javac.util=ALL-UNNAMED --add-opens=java.base/java.util=ALL-UNNAMED --add-opens=java.prefs/java.util.prefs=ALL-UNNAMED --add-opens=java.base/java.nio.charset=ALL-UNNAMED --add-opens=java.base/java.net=ALL-UNNAMED --add-opens=java.base/java.util.concurrent.atomic=ALL-UNNAMED --add-opens=java.xml/javax.xml.namespace=ALL-UNNAMED -XX:MaxMetaspaceSize=1024m -Xmx4096m -Dfile.encoding=x-windows-949 -Duser.country=KR -Duser.language=ko -Duser.variant -javaagent:C:\Users\kingmingseo\.gradle\wrapper\dists\gradle-8.13-bin\5xuhj0ry160q40clulazy9h7d\gradle-8.13\lib\agents\gradle-instrumentation-agent-8.13.jar org.gradle.launcher.daemon.bootstrap.GradleDaemon 8.13

Host: 12th Gen Intel(R) Core(TM) i7-12700H, 20 cores, 15G,  Windows 11 , 64 bit Build 26100 (10.0.26100.5074)
Time: Mon Sep 15 21:41:05 2025  Windows 11 , 64 bit Build 26100 (10.0.26100.5074) elapsed time: 7.408739 seconds (0d 0h 0m 7s)

---------------  T H R E A D  ---------------

Current thread (0x0000028ee49841a0):  JavaThread "C2 CompilerThread2" daemon [_thread_in_native, id=23684, stack(0x000000d56e000000,0x000000d56e100000)]


Current CompileTask:
C2:   7408 2886   !   4       java.net.URL::<init> (543 bytes)

Stack: [0x000000d56e000000,0x000000d56e100000]
Native frames: (J=compiled Java code, j=interpreted, Vv=VM code, C=native code)
V  [jvm.dll+0x6887a9]
V  [jvm.dll+0x83f5a8]
V  [jvm.dll+0x841053]
V  [jvm.dll+0x8416c3]
V  [jvm.dll+0x2496ef]
V  [jvm.dll+0xad134]
V  [jvm.dll+0xad7cc]
V  [jvm.dll+0x36aedf]
V  [jvm.dll+0x335513]
V  [jvm.dll+0x3349aa]
V  [jvm.dll+0x21a908]
V  [jvm.dll+0x219d3f]
V  [jvm.dll+0x1a55f6]
V  [jvm.dll+0x22a39a]
V  [jvm.dll+0x2284db]
V  [jvm.dll+0x7f4e28]
V  [jvm.dll+0x7ef2dc]
V  [jvm.dll+0x687687]
C  [ucrtbase.dll+0x37b0]
C  [KERNEL32.DLL+0x2e8d7]
C  [ntdll.dll+0x8d9c]


---------------  P R O C E S S  ---------------

Threads class SMR info:
_java_thread_list=0x0000028ee5a1f4a0, length=30, elements={
0x0000028ec1791550, 0x0000028ee4959d40, 0x0000028ee495a710, 0x0000028ee4976c40,
0x0000028ee4979520, 0x0000028ee4979df0, 0x0000028ee497a6c0, 0x0000028ee4982300,
0x0000028ee4982c60, 0x0000028ee4998aa0, 0x0000028ee5920810, 0x0000028ee49831b0,
0x0000028ee5b85260, 0x0000028ee49856e0, 0x0000028eec153d30, 0x0000028eec85c6d0,
0x0000028eec3a5e30, 0x0000028eebf360d0, 0x0000028eebafa720, 0x0000028eec82aeb0,
0x0000028eec82b3c0, 0x0000028eec82b8d0, 0x0000028eec82bde0, 0x0000028eec82dc40,
0x0000028eec82d220, 0x0000028eec82a9a0, 0x0000028eec82d730, 0x0000028ee49841a0,
0x0000028eeb2cf860, 0x0000028eeb2d11b0
}

Java Threads: ( => current thread )
  0x0000028ec1791550 JavaThread "main" [_thread_blocked, id=29748, stack(0x000000d56ae00000,0x000000d56af00000)]
  0x0000028ee4959d40 JavaThread "Reference Handler" daemon [_thread_blocked, id=27328, stack(0x000000d56b500000,0x000000d56b600000)]
  0x0000028ee495a710 JavaThread "Finalizer" daemon [_thread_blocked, id=8668, stack(0x000000d56b600000,0x000000d56b700000)]
  0x0000028ee4976c40 JavaThread "Signal Dispatcher" daemon [_thread_blocked, id=24872, stack(0x000000d56b700000,0x000000d56b800000)]
  0x0000028ee4979520 JavaThread "Attach Listener" daemon [_thread_blocked, id=31652, stack(0x000000d56b800000,0x000000d56b900000)]
  0x0000028ee4979df0 JavaThread "Service Thread" daemon [_thread_blocked, id=2556, stack(0x000000d56b900000,0x000000d56ba00000)]
  0x0000028ee497a6c0 JavaThread "Monitor Deflation Thread" daemon [_thread_blocked, id=28264, stack(0x000000d56ba00000,0x000000d56bb00000)]
  0x0000028ee4982300 JavaThread "C2 CompilerThread0" daemon [_thread_in_native, id=28144, stack(0x000000d56bb00000,0x000000d56bc00000)]
  0x0000028ee4982c60 JavaThread "C1 CompilerThread0" daemon [_thread_in_native, id=5324, stack(0x000000d56bc00000,0x000000d56bd00000)]
  0x0000028ee4998aa0 JavaThread "Sweeper thread" daemon [_thread_blocked, id=24784, stack(0x000000d56bd00000,0x000000d56be00000)]
  0x0000028ee5920810 JavaThread "Common-Cleaner" daemon [_thread_blocked, id=21360, stack(0x000000d56be00000,0x000000d56bf00000)]
  0x0000028ee49831b0 JavaThread "C1 CompilerThread1" daemon [_thread_in_vm, id=28832, stack(0x000000d56bf00000,0x000000d56c000000)]
  0x0000028ee5b85260 JavaThread "Notification Thread" daemon [_thread_blocked, id=9400, stack(0x000000d56c300000,0x000000d56c400000)]
  0x0000028ee49856e0 JavaThread "C2 CompilerThread1" daemon [_thread_in_native, id=28200, stack(0x000000d56c200000,0x000000d56c300000)]
  0x0000028eec153d30 JavaThread "Daemon health stats" [_thread_blocked, id=25612, stack(0x000000d56c500000,0x000000d56c600000)]
  0x0000028eec85c6d0 JavaThread "Incoming local TCP Connector on port 53409" [_thread_in_native, id=4608, stack(0x000000d56cb00000,0x000000d56cc00000)]
  0x0000028eec3a5e30 JavaThread "Daemon periodic checks" [_thread_blocked, id=10144, stack(0x000000d56cc00000,0x000000d56cd00000)]
  0x0000028eebf360d0 JavaThread "Daemon" [_thread_blocked, id=27764, stack(0x000000d56cd00000,0x000000d56ce00000)]
  0x0000028eebafa720 JavaThread "Handler for socket connection from /127.0.0.1:53409 to /127.0.0.1:53410" [_thread_in_native, id=8276, stack(0x000000d56ce00000,0x000000d56cf00000)]
  0x0000028eec82aeb0 JavaThread "Cancel handler" [_thread_blocked, id=28488, stack(0x000000d56cf00000,0x000000d56d000000)]
  0x0000028eec82b3c0 JavaThread "Daemon worker" [_thread_in_vm, id=29532, stack(0x000000d56d000000,0x000000d56d100000)]
  0x0000028eec82b8d0 JavaThread "Asynchronous log dispatcher for DefaultDaemonConnection: socket connection from /127.0.0.1:53409 to /127.0.0.1:53410" [_thread_blocked, id=25800, stack(0x000000d56d100000,0x000000d56d200000)]
  0x0000028eec82bde0 JavaThread "Stdin handler" [_thread_blocked, id=5020, stack(0x000000d56d200000,0x000000d56d300000)]
  0x0000028eec82dc40 JavaThread "Daemon client event forwarder" [_thread_blocked, id=29800, stack(0x000000d56d300000,0x000000d56d400000)]
  0x0000028eec82d220 JavaThread "Cache worker for journal cache (C:\Users\kingmingseo\.gradle\caches\journal-1)" [_thread_blocked, id=2708, stack(0x000000d56dd00000,0x000000d56de00000)]
  0x0000028eec82a9a0 JavaThread "File lock request listener" [_thread_in_native, id=3020, stack(0x000000d56de00000,0x000000d56df00000)]
  0x0000028eec82d730 JavaThread "Cache worker for file hash cache (C:\Users\kingmingseo\.gradle\caches\8.13\fileHashes)" [_thread_blocked, id=3216, stack(0x000000d56df00000,0x000000d56e000000)]
=>0x0000028ee49841a0 JavaThread "C2 CompilerThread2" daemon [_thread_in_native, id=23684, stack(0x000000d56e000000,0x000000d56e100000)]
  0x0000028eeb2cf860 JavaThread "Cache worker for file hash cache (C:\Users\kingmingseo\Desktop\MatZip\MatZip\android\.gradle\8.13\fileHashes)" [_thread_blocked, id=24596, stack(0x000000d56e100000,0x000000d56e200000)]
  0x0000028eeb2d11b0 JavaThread "Cache worker for Build Output Cleanup Cache (C:\Users\kingmingseo\Desktop\MatZip\MatZip\android\.gradle\buildOutputCleanup)" [_thread_blocked, id=9680, stack(0x000000d56e200000,0x000000d56e300000)]

Other Threads:
  0x0000028ee4951d30 VMThread "VM Thread" [stack: 0x000000d56b400000,0x000000d56b500000] [id=30736]
  0x0000028ec17922e0 WatcherThread [stack: 0x000000d56c400000,0x000000d56c500000] [id=3588]
  0x0000028ec18019b0 GCTaskThread "GC Thread#0" [stack: 0x000000d56af00000,0x000000d56b000000] [id=24836]
  0x0000028ee5bb2340 GCTaskThread "GC Thread#1" [stack: 0x000000d56c600000,0x000000d56c700000] [id=12336]
  0x0000028ee5c9ec80 GCTaskThread "GC Thread#2" [stack: 0x000000d56c700000,0x000000d56c800000] [id=30484]
  0x0000028ee5be9a90 GCTaskThread "GC Thread#3" [stack: 0x000000d56c800000,0x000000d56c900000] [id=2840]
  0x0000028ee5be9d50 GCTaskThread "GC Thread#4" [stack: 0x000000d56c900000,0x000000d56ca00000] [id=31728]
  0x0000028ee5bea010 GCTaskThread "GC Thread#5" [stack: 0x000000d56ca00000,0x000000d56cb00000] [id=16700]
  0x0000028eea8700b0 GCTaskThread "GC Thread#6" [stack: 0x000000d56d400000,0x000000d56d500000] [id=13588]
  0x0000028eea401850 GCTaskThread "GC Thread#7" [stack: 0x000000d56d500000,0x000000d56d600000] [id=25580]
  0x0000028eea401b10 GCTaskThread "GC Thread#8" [stack: 0x000000d56d600000,0x000000d56d700000] [id=13220]
  0x0000028eeb80fd10 GCTaskThread "GC Thread#9" [stack: 0x000000d56d700000,0x000000d56d800000] [id=27956]
  0x0000028eec39fe90 GCTaskThread "GC Thread#10" [stack: 0x000000d56d800000,0x000000d56d900000] [id=25340]
  0x0000028eec39ee10 GCTaskThread "GC Thread#11" [stack: 0x000000d56d900000,0x000000d56da00000] [id=25176]
  0x0000028eec39f910 GCTaskThread "GC Thread#12" [stack: 0x000000d56da00000,0x000000d56db00000] [id=30996]
  0x0000028eec39f0d0 GCTaskThread "GC Thread#13" [stack: 0x000000d56db00000,0x000000d56dc00000] [id=28388]
  0x0000028eec39f390 GCTaskThread "GC Thread#14" [stack: 0x000000d56dc00000,0x000000d56dd00000] [id=26968]
  0x0000028ec18134e0 ConcurrentGCThread "G1 Main Marker" [stack: 0x000000d56b000000,0x000000d56b100000] [id=26308]
  0x0000028ec1813e10 ConcurrentGCThread "G1 Conc#0" [stack: 0x000000d56b100000,0x000000d56b200000] [id=28936]
  0x0000028ee4890080 ConcurrentGCThread "G1 Refine#0" [stack: 0x000000d56b200000,0x000000d56b300000] [id=18016]
  0x0000028ee4891770 ConcurrentGCThread "G1 Service" [stack: 0x000000d56b300000,0x000000d56b400000] [id=3984]

Threads with active compile tasks:
C2 CompilerThread0     7421 3025       4       jdk.internal.org.objectweb.asm.MethodWriter::visitVarInsn (302 bytes)
C1 CompilerThread0     7421 3031       3       java.lang.invoke.ClassSpecializer$Factory$1Var::nextSlotIndex (24 bytes)
C1 CompilerThread1     7421 3030       3       java.lang.invoke.ClassSpecializer$Factory$1Var::<init> (146 bytes)
C2 CompilerThread1     7422 3013       4       jdk.internal.org.objectweb.asm.SymbolTable::addType (81 bytes)
C2 CompilerThread2     7422 2886   !   4       java.net.URL::<init> (543 bytes)

VM state: not at safepoint (normal execution)

VM Mutex/Monitor currently owned by a thread: None

Heap address: 0x0000000700000000, size: 4096 MB, Compressed Oops mode: Zero based, Oop shift amount: 3

CDS archive(s) mapped at: [0x0000028e80000000-0x0000028e80bb0000-0x0000028e80bb0000), size 12255232, SharedBaseAddress: 0x0000028e80000000, ArchiveRelocationMode: 1.
Compressed class space mapped at: 0x0000028e81000000-0x0000028eb5000000, reserved size: 872415232
Narrow klass base: 0x0000028e80000000, Narrow klass shift: 0, Narrow klass range: 0x100000000

GC Precious Log:
 CPUs: 20 total, 20 available
 Memory: 16049M
 Large Page Support: Disabled
 NUMA Support: Disabled
 Compressed Oops: Enabled (Zero based)
 Heap Region Size: 2M
 Heap Min Capacity: 8M
 Heap Initial Capacity: 252M
 Heap Max Capacity: 4G
 Pre-touch: Disabled
 Parallel Workers: 15
 Concurrent Workers: 4
 Concurrent Refinement Workers: 15
 Periodic GC: Disabled

Heap:
 garbage-first heap   total 258048K, used 79719K [0x0000000700000000, 0x0000000800000000)
  region size 2048K, 37 young (75776K), 7 survivors (14336K)
 Metaspace       used 20311K, committed 20672K, reserved 917504K
  class space    used 2929K, committed 3136K, reserved 851968K

Heap Regions: E=young(eden), S=young(survivor), O=old, HS=humongous(starts), HC=humongous(continues), CS=collection set, F=free, OA=open archive, CA=closed archive, TAMS=top-at-mark-start (previous, next)
|   0|0x0000000700000000, 0x0000000700200000, 0x0000000700200000|100%|HS|  |TAMS 0x0000000700000000, 0x0000000700000000| Complete 
|   1|0x0000000700200000, 0x0000000700400000, 0x0000000700400000|100%|HC|  |TAMS 0x0000000700200000, 0x0000000700200000| Complete 
|   2|0x0000000700400000, 0x00000007005d9e00, 0x0000000700600000| 92%| O|  |TAMS 0x0000000700400000, 0x0000000700400000| Untracked 
|   3|0x0000000700600000, 0x0000000700600000, 0x0000000700800000|  0%| F|  |TAMS 0x0000000700600000, 0x0000000700600000| Untracked 
|   4|0x0000000700800000, 0x0000000700800000, 0x0000000700a00000|  0%| F|  |TAMS 0x0000000700800000, 0x0000000700800000| Untracked 
|   5|0x0000000700a00000, 0x0000000700a00000, 0x0000000700c00000|  0%| F|  |TAMS 0x0000000700a00000, 0x0000000700a00000| Untracked 
|   6|0x0000000700c00000, 0x0000000700c00000, 0x0000000700e00000|  0%| F|  |TAMS 0x0000000700c00000, 0x0000000700c00000| Untracked 
|   7|0x0000000700e00000, 0x0000000700e00000, 0x0000000701000000|  0%| F|  |TAMS 0x0000000700e00000, 0x0000000700e00000| Untracked 
|   8|0x0000000701000000, 0x0000000701000000, 0x0000000701200000|  0%| F|  |TAMS 0x0000000701000000, 0x0000000701000000| Untracked 
|   9|0x0000000701200000, 0x0000000701200000, 0x0000000701400000|  0%| F|  |TAMS 0x0000000701200000, 0x0000000701200000| Untracked 
|  10|0x0000000701400000, 0x0000000701400000, 0x0000000701600000|  0%| F|  |TAMS 0x0000000701400000, 0x0000000701400000| Untracked 
|  11|0x0000000701600000, 0x0000000701600000, 0x0000000701800000|  0%| F|  |TAMS 0x0000000701600000, 0x0000000701600000| Untracked 
|  12|0x0000000701800000, 0x0000000701800000, 0x0000000701a00000|  0%| F|  |TAMS 0x0000000701800000, 0x0000000701800000| Untracked 
|  13|0x0000000701a00000, 0x0000000701a00000, 0x0000000701c00000|  0%| F|  |TAMS 0x0000000701a00000, 0x0000000701a00000| Untracked 
|  14|0x0000000701c00000, 0x0000000701c00000, 0x0000000701e00000|  0%| F|  |TAMS 0x0000000701c00000, 0x0000000701c00000| Untracked 
|  15|0x0000000701e00000, 0x0000000701e00000, 0x0000000702000000|  0%| F|  |TAMS 0x0000000701e00000, 0x0000000701e00000| Untracked 
|  16|0x0000000702000000, 0x0000000702000000, 0x0000000702200000|  0%| F|  |TAMS 0x0000000702000000, 0x0000000702000000| Untracked 
|  17|0x0000000702200000, 0x0000000702200000, 0x0000000702400000|  0%| F|  |TAMS 0x0000000702200000, 0x0000000702200000| Untracked 
|  18|0x0000000702400000, 0x0000000702400000, 0x0000000702600000|  0%| F|  |TAMS 0x0000000702400000, 0x0000000702400000| Untracked 
|  19|0x0000000702600000, 0x0000000702600000, 0x0000000702800000|  0%| F|  |TAMS 0x0000000702600000, 0x0000000702600000| Untracked 
|  20|0x0000000702800000, 0x0000000702800000, 0x0000000702a00000|  0%| F|  |TAMS 0x0000000702800000, 0x0000000702800000| Untracked 
|  21|0x0000000702a00000, 0x0000000702a00000, 0x0000000702c00000|  0%| F|  |TAMS 0x0000000702a00000, 0x0000000702a00000| Untracked 
|  22|0x0000000702c00000, 0x0000000702c00000, 0x0000000702e00000|  0%| F|  |TAMS 0x0000000702c00000, 0x0000000702c00000| Untracked 
|  23|0x0000000702e00000, 0x0000000702e00000, 0x0000000703000000|  0%| F|  |TAMS 0x0000000702e00000, 0x0000000702e00000| Untracked 
|  24|0x0000000703000000, 0x0000000703000000, 0x0000000703200000|  0%| F|  |TAMS 0x0000000703000000, 0x0000000703000000| Untracked 
|  25|0x0000000703200000, 0x0000000703200000, 0x0000000703400000|  0%| F|  |TAMS 0x0000000703200000, 0x0000000703200000| Untracked 
|  26|0x0000000703400000, 0x0000000703400000, 0x0000000703600000|  0%| F|  |TAMS 0x0000000703400000, 0x0000000703400000| Untracked 
|  27|0x0000000703600000, 0x0000000703600000, 0x0000000703800000|  0%| F|  |TAMS 0x0000000703600000, 0x0000000703600000| Untracked 
|  28|0x0000000703800000, 0x0000000703800000, 0x0000000703a00000|  0%| F|  |TAMS 0x0000000703800000, 0x0000000703800000| Untracked 
|  29|0x0000000703a00000, 0x0000000703a00000, 0x0000000703c00000|  0%| F|  |TAMS 0x0000000703a00000, 0x0000000703a00000| Untracked 
|  30|0x0000000703c00000, 0x0000000703c00000, 0x0000000703e00000|  0%| F|  |TAMS 0x0000000703c00000, 0x0000000703c00000| Untracked 
|  31|0x0000000703e00000, 0x0000000703e00000, 0x0000000704000000|  0%| F|  |TAMS 0x0000000703e00000, 0x0000000703e00000| Untracked 
|  32|0x0000000704000000, 0x0000000704000000, 0x0000000704200000|  0%| F|  |TAMS 0x0000000704000000, 0x0000000704000000| Untracked 
|  33|0x0000000704200000, 0x0000000704200000, 0x0000000704400000|  0%| F|  |TAMS 0x0000000704200000, 0x0000000704200000| Untracked 
|  34|0x0000000704400000, 0x0000000704400000, 0x0000000704600000|  0%| F|  |TAMS 0x0000000704400000, 0x0000000704400000| Untracked 
|  35|0x0000000704600000, 0x0000000704600000, 0x0000000704800000|  0%| F|  |TAMS 0x0000000704600000, 0x0000000704600000| Untracked 
|  36|0x0000000704800000, 0x0000000704800000, 0x0000000704a00000|  0%| F|  |TAMS 0x0000000704800000, 0x0000000704800000| Untracked 
|  37|0x0000000704a00000, 0x0000000704a00000, 0x0000000704c00000|  0%| F|  |TAMS 0x0000000704a00000, 0x0000000704a00000| Untracked 
|  38|0x0000000704c00000, 0x0000000704c00000, 0x0000000704e00000|  0%| F|  |TAMS 0x0000000704c00000, 0x0000000704c00000| Untracked 
|  39|0x0000000704e00000, 0x0000000704e00000, 0x0000000705000000|  0%| F|  |TAMS 0x0000000704e00000, 0x0000000704e00000| Untracked 
|  40|0x0000000705000000, 0x0000000705000000, 0x0000000705200000|  0%| F|  |TAMS 0x0000000705000000, 0x0000000705000000| Untracked 
|  41|0x0000000705200000, 0x0000000705200000, 0x0000000705400000|  0%| F|  |TAMS 0x0000000705200000, 0x0000000705200000| Untracked 
|  42|0x0000000705400000, 0x0000000705400000, 0x0000000705600000|  0%| F|  |TAMS 0x0000000705400000, 0x0000000705400000| Untracked 
|  43|0x0000000705600000, 0x0000000705600000, 0x0000000705800000|  0%| F|  |TAMS 0x0000000705600000, 0x0000000705600000| Untracked 
|  44|0x0000000705800000, 0x0000000705800000, 0x0000000705a00000|  0%| F|  |TAMS 0x0000000705800000, 0x0000000705800000| Untracked 
|  45|0x0000000705a00000, 0x0000000705a00000, 0x0000000705c00000|  0%| F|  |TAMS 0x0000000705a00000, 0x0000000705a00000| Untracked 
|  46|0x0000000705c00000, 0x0000000705c00000, 0x0000000705e00000|  0%| F|  |TAMS 0x0000000705c00000, 0x0000000705c00000| Untracked 
|  47|0x0000000705e00000, 0x0000000705e00000, 0x0000000706000000|  0%| F|  |TAMS 0x0000000705e00000, 0x0000000705e00000| Untracked 
|  48|0x0000000706000000, 0x0000000706000000, 0x0000000706200000|  0%| F|  |TAMS 0x0000000706000000, 0x0000000706000000| Untracked 
|  49|0x0000000706200000, 0x0000000706200000, 0x0000000706400000|  0%| F|  |TAMS 0x0000000706200000, 0x0000000706200000| Untracked 
|  50|0x0000000706400000, 0x0000000706400000, 0x0000000706600000|  0%| F|  |TAMS 0x0000000706400000, 0x0000000706400000| Untracked 
|  51|0x0000000706600000, 0x0000000706600000, 0x0000000706800000|  0%| F|  |TAMS 0x0000000706600000, 0x0000000706600000| Untracked 
|  52|0x0000000706800000, 0x0000000706800000, 0x0000000706a00000|  0%| F|  |TAMS 0x0000000706800000, 0x0000000706800000| Untracked 
|  53|0x0000000706a00000, 0x0000000706a00000, 0x0000000706c00000|  0%| F|  |TAMS 0x0000000706a00000, 0x0000000706a00000| Untracked 
|  54|0x0000000706c00000, 0x0000000706c00000, 0x0000000706e00000|  0%| F|  |TAMS 0x0000000706c00000, 0x0000000706c00000| Untracked 
|  55|0x0000000706e00000, 0x0000000706e00000, 0x0000000707000000|  0%| F|  |TAMS 0x0000000706e00000, 0x0000000706e00000| Untracked 
|  56|0x0000000707000000, 0x0000000707000000, 0x0000000707200000|  0%| F|  |TAMS 0x0000000707000000, 0x0000000707000000| Untracked 
|  57|0x0000000707200000, 0x0000000707200000, 0x0000000707400000|  0%| F|  |TAMS 0x0000000707200000, 0x0000000707200000| Untracked 
|  58|0x0000000707400000, 0x0000000707400000, 0x0000000707600000|  0%| F|  |TAMS 0x0000000707400000, 0x0000000707400000| Untracked 
|  59|0x0000000707600000, 0x0000000707600000, 0x0000000707800000|  0%| F|  |TAMS 0x0000000707600000, 0x0000000707600000| Untracked 
|  60|0x0000000707800000, 0x0000000707800000, 0x0000000707a00000|  0%| F|  |TAMS 0x0000000707800000, 0x0000000707800000| Untracked 
|  61|0x0000000707a00000, 0x0000000707a00000, 0x0000000707c00000|  0%| F|  |TAMS 0x0000000707a00000, 0x0000000707a00000| Untracked 
|  62|0x0000000707c00000, 0x0000000707c00000, 0x0000000707e00000|  0%| F|  |TAMS 0x0000000707c00000, 0x0000000707c00000| Untracked 
|  63|0x0000000707e00000, 0x0000000707e00000, 0x0000000708000000|  0%| F|  |TAMS 0x0000000707e00000, 0x0000000707e00000| Untracked 
|  64|0x0000000708000000, 0x0000000708000000, 0x0000000708200000|  0%| F|  |TAMS 0x0000000708000000, 0x0000000708000000| Untracked 
|  65|0x0000000708200000, 0x0000000708200000, 0x0000000708400000|  0%| F|  |TAMS 0x0000000708200000, 0x0000000708200000| Untracked 
|  66|0x0000000708400000, 0x0000000708400000, 0x0000000708600000|  0%| F|  |TAMS 0x0000000708400000, 0x0000000708400000| Untracked 
|  67|0x0000000708600000, 0x0000000708600000, 0x0000000708800000|  0%| F|  |TAMS 0x0000000708600000, 0x0000000708600000| Untracked 
|  68|0x0000000708800000, 0x0000000708800000, 0x0000000708a00000|  0%| F|  |TAMS 0x0000000708800000, 0x0000000708800000| Untracked 
|  69|0x0000000708a00000, 0x0000000708c00000, 0x0000000708c00000|100%| S|CS|TAMS 0x0000000708a00000, 0x0000000708a00000| Complete 
|  70|0x0000000708c00000, 0x0000000708e00000, 0x0000000708e00000|100%| S|CS|TAMS 0x0000000708c00000, 0x0000000708c00000| Complete 
|  71|0x0000000708e00000, 0x0000000709000000, 0x0000000709000000|100%| S|CS|TAMS 0x0000000708e00000, 0x0000000708e00000| Complete 
|  72|0x0000000709000000, 0x0000000709200000, 0x0000000709200000|100%| S|CS|TAMS 0x0000000709000000, 0x0000000709000000| Complete 
|  73|0x0000000709200000, 0x0000000709400000, 0x0000000709400000|100%| S|CS|TAMS 0x0000000709200000, 0x0000000709200000| Complete 
|  74|0x0000000709400000, 0x0000000709600000, 0x0000000709600000|100%| S|CS|TAMS 0x0000000709400000, 0x0000000709400000| Complete 
|  75|0x0000000709600000, 0x0000000709800000, 0x0000000709800000|100%| S|CS|TAMS 0x0000000709600000, 0x0000000709600000| Complete 
|  76|0x0000000709800000, 0x0000000709800000, 0x0000000709a00000|  0%| F|  |TAMS 0x0000000709800000, 0x0000000709800000| Untracked 
|  77|0x0000000709a00000, 0x0000000709a00000, 0x0000000709c00000|  0%| F|  |TAMS 0x0000000709a00000, 0x0000000709a00000| Untracked 
|  78|0x0000000709c00000, 0x0000000709c00000, 0x0000000709e00000|  0%| F|  |TAMS 0x0000000709c00000, 0x0000000709c00000| Untracked 
|  79|0x0000000709e00000, 0x0000000709e00000, 0x000000070a000000|  0%| F|  |TAMS 0x0000000709e00000, 0x0000000709e00000| Untracked 
|  80|0x000000070a000000, 0x000000070a000000, 0x000000070a200000|  0%| F|  |TAMS 0x000000070a000000, 0x000000070a000000| Untracked 
|  81|0x000000070a200000, 0x000000070a200000, 0x000000070a400000|  0%| F|  |TAMS 0x000000070a200000, 0x000000070a200000| Untracked 
|  82|0x000000070a400000, 0x000000070a400000, 0x000000070a600000|  0%| F|  |TAMS 0x000000070a400000, 0x000000070a400000| Untracked 
|  83|0x000000070a600000, 0x000000070a600000, 0x000000070a800000|  0%| F|  |TAMS 0x000000070a600000, 0x000000070a600000| Untracked 
|  84|0x000000070a800000, 0x000000070a800000, 0x000000070aa00000|  0%| F|  |TAMS 0x000000070a800000, 0x000000070a800000| Untracked 
|  85|0x000000070aa00000, 0x000000070aa00000, 0x000000070ac00000|  0%| F|  |TAMS 0x000000070aa00000, 0x000000070aa00000| Untracked 
|  86|0x000000070ac00000, 0x000000070ac00000, 0x000000070ae00000|  0%| F|  |TAMS 0x000000070ac00000, 0x000000070ac00000| Untracked 
|  87|0x000000070ae00000, 0x000000070ae00000, 0x000000070b000000|  0%| F|  |TAMS 0x000000070ae00000, 0x000000070ae00000| Untracked 
|  88|0x000000070b000000, 0x000000070b000000, 0x000000070b200000|  0%| F|  |TAMS 0x000000070b000000, 0x000000070b000000| Untracked 
|  89|0x000000070b200000, 0x000000070b200000, 0x000000070b400000|  0%| F|  |TAMS 0x000000070b200000, 0x000000070b200000| Untracked 
|  90|0x000000070b400000, 0x000000070b400000, 0x000000070b600000|  0%| F|  |TAMS 0x000000070b400000, 0x000000070b400000| Untracked 
|  91|0x000000070b600000, 0x000000070b600000, 0x000000070b800000|  0%| F|  |TAMS 0x000000070b600000, 0x000000070b600000| Untracked 
|  92|0x000000070b800000, 0x000000070b800000, 0x000000070ba00000|  0%| F|  |TAMS 0x000000070b800000, 0x000000070b800000| Untracked 
|  93|0x000000070ba00000, 0x000000070ba00000, 0x000000070bc00000|  0%| F|  |TAMS 0x000000070ba00000, 0x000000070ba00000| Untracked 
|  94|0x000000070bc00000, 0x000000070bc00000, 0x000000070be00000|  0%| F|  |TAMS 0x000000070bc00000, 0x000000070bc00000| Untracked 
|  95|0x000000070be00000, 0x000000070be00000, 0x000000070c000000|  0%| F|  |TAMS 0x000000070be00000, 0x000000070be00000| Untracked 
|  96|0x000000070c000000, 0x000000070c1bc550, 0x000000070c200000| 86%| E|  |TAMS 0x000000070c000000, 0x000000070c000000| Complete 
|  97|0x000000070c200000, 0x000000070c400000, 0x000000070c400000|100%| E|CS|TAMS 0x000000070c200000, 0x000000070c200000| Complete 
|  98|0x000000070c400000, 0x000000070c600000, 0x000000070c600000|100%| E|CS|TAMS 0x000000070c400000, 0x000000070c400000| Complete 
|  99|0x000000070c600000, 0x000000070c800000, 0x000000070c800000|100%| E|CS|TAMS 0x000000070c600000, 0x000000070c600000| Complete 
| 100|0x000000070c800000, 0x000000070ca00000, 0x000000070ca00000|100%| E|CS|TAMS 0x000000070c800000, 0x000000070c800000| Complete 
| 101|0x000000070ca00000, 0x000000070cc00000, 0x000000070cc00000|100%| E|CS|TAMS 0x000000070ca00000, 0x000000070ca00000| Complete 
| 102|0x000000070cc00000, 0x000000070ce00000, 0x000000070ce00000|100%| E|CS|TAMS 0x000000070cc00000, 0x000000070cc00000| Complete 
| 103|0x000000070ce00000, 0x000000070d000000, 0x000000070d000000|100%| E|CS|TAMS 0x000000070ce00000, 0x000000070ce00000| Complete 
| 104|0x000000070d000000, 0x000000070d200000, 0x000000070d200000|100%| E|CS|TAMS 0x000000070d000000, 0x000000070d000000| Complete 
| 105|0x000000070d200000, 0x000000070d400000, 0x000000070d400000|100%| E|CS|TAMS 0x000000070d200000, 0x000000070d200000| Complete 
| 106|0x000000070d400000, 0x000000070d600000, 0x000000070d600000|100%| E|CS|TAMS 0x000000070d400000, 0x000000070d400000| Complete 
| 107|0x000000070d600000, 0x000000070d800000, 0x000000070d800000|100%| E|CS|TAMS 0x000000070d600000, 0x000000070d600000| Complete 
| 108|0x000000070d800000, 0x000000070da00000, 0x000000070da00000|100%| E|CS|TAMS 0x000000070d800000, 0x000000070d800000| Complete 
| 109|0x000000070da00000, 0x000000070dc00000, 0x000000070dc00000|100%| E|CS|TAMS 0x000000070da00000, 0x000000070da00000| Complete 
| 110|0x000000070dc00000, 0x000000070de00000, 0x000000070de00000|100%| E|CS|TAMS 0x000000070dc00000, 0x000000070dc00000| Complete 
| 111|0x000000070de00000, 0x000000070e000000, 0x000000070e000000|100%| E|CS|TAMS 0x000000070de00000, 0x000000070de00000| Complete 
| 112|0x000000070e000000, 0x000000070e200000, 0x000000070e200000|100%| E|CS|TAMS 0x000000070e000000, 0x000000070e000000| Complete 
| 113|0x000000070e200000, 0x000000070e400000, 0x000000070e400000|100%| E|CS|TAMS 0x000000070e200000, 0x000000070e200000| Complete 
| 114|0x000000070e400000, 0x000000070e600000, 0x000000070e600000|100%| E|CS|TAMS 0x000000070e400000, 0x000000070e400000| Complete 
| 115|0x000000070e600000, 0x000000070e800000, 0x000000070e800000|100%| E|CS|TAMS 0x000000070e600000, 0x000000070e600000| Complete 
| 116|0x000000070e800000, 0x000000070ea00000, 0x000000070ea00000|100%| E|CS|TAMS 0x000000070e800000, 0x000000070e800000| Complete 
| 117|0x000000070ea00000, 0x000000070ec00000, 0x000000070ec00000|100%| E|CS|TAMS 0x000000070ea00000, 0x000000070ea00000| Complete 
| 118|0x000000070ec00000, 0x000000070ee00000, 0x000000070ee00000|100%| E|CS|TAMS 0x000000070ec00000, 0x000000070ec00000| Complete 
| 119|0x000000070ee00000, 0x000000070f000000, 0x000000070f000000|100%| E|CS|TAMS 0x000000070ee00000, 0x000000070ee00000| Complete 
| 120|0x000000070f000000, 0x000000070f200000, 0x000000070f200000|100%| E|CS|TAMS 0x000000070f000000, 0x000000070f000000| Complete 
| 121|0x000000070f200000, 0x000000070f400000, 0x000000070f400000|100%| E|CS|TAMS 0x000000070f200000, 0x000000070f200000| Complete 
| 122|0x000000070f400000, 0x000000070f600000, 0x000000070f600000|100%| E|CS|TAMS 0x000000070f400000, 0x000000070f400000| Complete 
| 123|0x000000070f600000, 0x000000070f800000, 0x000000070f800000|100%| E|CS|TAMS 0x000000070f600000, 0x000000070f600000| Complete 
| 124|0x000000070f800000, 0x000000070fa00000, 0x000000070fa00000|100%| E|CS|TAMS 0x000000070f800000, 0x000000070f800000| Complete 
| 125|0x000000070fa00000, 0x000000070fc00000, 0x000000070fc00000|100%| E|CS|TAMS 0x000000070fa00000, 0x000000070fa00000| Complete 

Card table byte_map: [0x0000028ed9590000,0x0000028ed9d90000] _byte_map_base: 0x0000028ed5d90000

Marking Bits (Prev, Next): (CMBitMap*) 0x0000028ec1801ee0, (CMBitMap*) 0x0000028ec1801f20
 Prev Bits: [0x0000028eda590000, 0x0000028ede590000)
 Next Bits: [0x0000028ede590000, 0x0000028ee2590000)

Polling page: 0x0000028ebf640000

Metaspace:

Usage:
  Non-class:     16.98 MB used.
      Class:      2.86 MB used.
       Both:     19.84 MB used.

Virtual space:
  Non-class space:       64.00 MB reserved,      17.12 MB ( 27%) committed,  1 nodes.
      Class space:      832.00 MB reserved,       3.06 MB ( <1%) committed,  1 nodes.
             Both:      896.00 MB reserved,      20.19 MB (  2%) committed. 

Chunk freelists:
   Non-Class:  14.64 MB
       Class:  12.99 MB
        Both:  27.63 MB

MaxMetaspaceSize: 1.00 GB
CompressedClassSpaceSize: 832.00 MB
Initial GC threshold: 21.00 MB
Current GC threshold: 21.00 MB
CDS: on
MetaspaceReclaimPolicy: balanced
 - commit_granule_bytes: 65536.
 - commit_granule_words: 8192.
 - virtual_space_node_default_size: 8388608.
 - enlarge_chunks_in_place: 1.
 - new_chunks_are_fully_committed: 0.
 - uncommit_free_chunks: 1.
 - use_allocation_guard: 0.
 - handle_deallocations: 1.


Internal statistics:

num_allocs_failed_limit: 0.
num_arena_births: 272.
num_arena_deaths: 0.
num_vsnodes_births: 2.
num_vsnodes_deaths: 0.
num_space_committed: 323.
num_space_uncommitted: 0.
num_chunks_returned_to_freelist: 0.
num_chunks_taken_from_freelist: 993.
num_chunk_merges: 0.
num_chunk_splits: 648.
num_chunks_enlarged: 472.
num_inconsistent_stats: 0.

CodeHeap 'non-profiled nmethods': size=119168Kb used=1720Kb max_used=1720Kb free=117447Kb
 bounds [0x0000028ed0e70000, 0x0000028ed10e0000, 0x0000028ed82d0000]
CodeHeap 'profiled nmethods': size=119104Kb used=6260Kb max_used=6260Kb free=112843Kb
 bounds [0x0000028ec92d0000, 0x0000028ec98f0000, 0x0000028ed0720000]
CodeHeap 'non-nmethods': size=7488Kb used=1804Kb max_used=2989Kb free=5683Kb
 bounds [0x0000028ed0720000, 0x0000028ed0a20000, 0x0000028ed0e70000]
 total_blobs=3586 nmethods=3031 adapters=466
 compilation: enabled
              stopped_count=0, restarted_count=0
 full_count=0

Compilation events (20 events):
Event: 6.370 Thread 0x0000028ee4983700 2967       3       com.google.common.util.concurrent.Striped$PaddedLock::<init> (6 bytes)
Event: 6.370 Thread 0x0000028ee4983c50 nmethod 2966 0x0000028ec98c4710 code [0x0000028ec98c48e0, 0x0000028ec98c4e18]
Event: 6.370 Thread 0x0000028ee49831b0 nmethod 2962 0x0000028ec98c5010 code [0x0000028ec98c5340, 0x0000028ec98c6878]
Event: 6.371 Thread 0x0000028ee4983700 nmethod 2967 0x0000028ec98c6e90 code [0x0000028ec98c7060, 0x0000028ec98c74d8]
Event: 6.371 Thread 0x0000028ee4982c60 nmethod 2961 0x0000028ec98c7690 code [0x0000028ec98c7a60, 0x0000028ec98c95d8]
Event: 6.373 Thread 0x0000028ee4983c50 2968       3       java.io.WinNTFileSystem::resolve (275 bytes)
Event: 6.374 Thread 0x0000028ee4982c60 2969       3       java.lang.invoke.Invokers::checkExactType (17 bytes)
Event: 6.374 Thread 0x0000028ee4982c60 nmethod 2969 0x0000028ec98c9e90 code [0x0000028ec98ca040, 0x0000028ec98ca248]
Event: 6.374 Thread 0x0000028ee4983c50 nmethod 2968 0x0000028ec98ca390 code [0x0000028ec98ca8c0, 0x0000028ec98cd4f8]
Event: 6.376 Thread 0x0000028ee49856e0 nmethod 2942% 0x0000028ed1015510 code [0x0000028ed1015720, 0x0000028ed1017448]
Event: 6.383 Thread 0x0000028ee49831b0 2972       3       java.lang.invoke.BoundMethodHandle::<init> (32 bytes)
Event: 6.383 Thread 0x0000028ee4982c60 2973       3       java.lang.invoke.MethodHandle::intrinsicName (4 bytes)
Event: 6.383 Thread 0x0000028ee49831b0 nmethod 2972 0x0000028ec98ce690 code [0x0000028ec98ce840, 0x0000028ec98ce9a8]
Event: 6.383 Thread 0x0000028ee4982c60 nmethod 2973 0x0000028ec98cea90 code [0x0000028ec98cec20, 0x0000028ec98ced38]
Event: 6.384 Thread 0x0000028ee4983700 2977       3       java.lang.invoke.LambdaFormBuffer::changeName (149 bytes)
Event: 6.384 Thread 0x0000028ee4982c60 2978       3       java.lang.invoke.InvokerBytecodeGenerator::emitStoreInsn (21 bytes)
Event: 6.384 Thread 0x0000028ee4982c60 nmethod 2978 0x0000028ec98cee10 code [0x0000028ec98cefc0, 0x0000028ec98cf218]
Event: 6.384 Thread 0x0000028ee4983700 nmethod 2977 0x0000028ec98cf390 code [0x0000028ec98cf560, 0x0000028ec98cfaa8]
Event: 6.384 Thread 0x0000028ee49831b0 2979       3       java.lang.invoke.InvokerBytecodeGenerator::refKindOpcode (112 bytes)
Event: 6.384 Thread 0x0000028ee4982300 2980       4       jdk.internal.org.objectweb.asm.Frame::push (109 bytes)

GC Heap History (6 events):
Event: 1.712 GC heap before
{Heap before GC invocations=0 (full 0):
 garbage-first heap   total 258048K, used 22528K [0x0000000700000000, 0x0000000800000000)
  region size 2048K, 11 young (22528K), 0 survivors (0K)
 Metaspace       used 862K, committed 960K, reserved 917504K
  class space    used 66K, committed 128K, reserved 851968K
}
Event: 1.717 GC heap after
{Heap after GC invocations=1 (full 0):
 garbage-first heap   total 258048K, used 1723K [0x0000000700000000, 0x0000000800000000)
  region size 2048K, 1 young (2048K), 1 survivors (2048K)
 Metaspace       used 862K, committed 960K, reserved 917504K
  class space    used 66K, committed 128K, reserved 851968K
}
Event: 3.150 GC heap before
{Heap before GC invocations=1 (full 0):
 garbage-first heap   total 258048K, used 40635K [0x0000000700000000, 0x0000000800000000)
  region size 2048K, 18 young (36864K), 1 survivors (2048K)
 Metaspace       used 4440K, committed 4608K, reserved 917504K
  class space    used 553K, committed 640K, reserved 851968K
}
Event: 3.156 GC heap after
{Heap after GC invocations=2 (full 0):
 garbage-first heap   total 258048K, used 11936K [0x0000000700000000, 0x0000000800000000)
  region size 2048K, 3 young (6144K), 3 survivors (6144K)
 Metaspace       used 4440K, committed 4608K, reserved 917504K
  class space    used 553K, committed 640K, reserved 851968K
}
Event: 5.381 GC heap before
{Heap before GC invocations=2 (full 0):
 garbage-first heap   total 258048K, used 108192K [0x0000000700000000, 0x0000000800000000)
  region size 2048K, 50 young (102400K), 3 survivors (6144K)
 Metaspace       used 13369K, committed 13632K, reserved 917504K
  class space    used 1814K, committed 1920K, reserved 851968K
}
Event: 5.388 GC heap after
{Heap after GC invocations=3 (full 0):
 garbage-first heap   total 258048K, used 20327K [0x0000000700000000, 0x0000000800000000)
  region size 2048K, 7 young (14336K), 7 survivors (14336K)
 Metaspace       used 13369K, committed 13632K, reserved 917504K
  class space    used 1814K, committed 1920K, reserved 851968K
}

Dll operation events (15 events):
Event: 0.011 Loaded shared library C:\Program Files\Microsoft\jdk-17.0.15.6-hotspot\bin\java.dll
Event: 0.024 Loaded shared library C:\Program Files\Microsoft\jdk-17.0.15.6-hotspot\bin\jsvml.dll
Event: 0.066 Loaded shared library C:\Program Files\Microsoft\jdk-17.0.15.6-hotspot\bin\zip.dll
Event: 0.068 Loaded shared library C:\Program Files\Microsoft\jdk-17.0.15.6-hotspot\bin\instrument.dll
Event: 0.071 Loaded shared library C:\Program Files\Microsoft\jdk-17.0.15.6-hotspot\bin\net.dll
Event: 0.072 Loaded shared library C:\Program Files\Microsoft\jdk-17.0.15.6-hotspot\bin\nio.dll
Event: 0.074 Loaded shared library C:\Program Files\Microsoft\jdk-17.0.15.6-hotspot\bin\zip.dll
Event: 1.725 Loaded shared library C:\Program Files\Microsoft\jdk-17.0.15.6-hotspot\bin\jimage.dll
Event: 2.192 Loaded shared library C:\Program Files\Microsoft\jdk-17.0.15.6-hotspot\bin\verify.dll
Event: 2.429 Loaded shared library C:\Users\kingmingseo\.gradle\native\1def1411415f61bf3af743bc5b6707747c0891f09f0c88961ee8f79bc544acac\windows-amd64\native-platform.dll
Event: 2.466 Loaded shared library C:\Users\kingmingseo\.gradle\native\0.2.7\x86_64-windows-gnu\gradle-fileevents.dll
Event: 4.584 Loaded shared library C:\Program Files\Microsoft\jdk-17.0.15.6-hotspot\bin\management.dll
Event: 4.588 Loaded shared library C:\Program Files\Microsoft\jdk-17.0.15.6-hotspot\bin\management_ext.dll
Event: 4.888 Loaded shared library C:\Program Files\Microsoft\jdk-17.0.15.6-hotspot\bin\extnet.dll
Event: 5.052 Loaded shared library C:\Program Files\Microsoft\jdk-17.0.15.6-hotspot\bin\sunmscapi.dll

Deoptimization events (20 events):
Event: 5.849 Thread 0x0000028eec82b3c0 DEOPT PACKING pc=0x0000028ec983792d sp=0x000000d56d0fb420
Event: 5.849 Thread 0x0000028eec82b3c0 DEOPT UNPACKING pc=0x0000028ed0777143 sp=0x000000d56d0fa930 mode 0
Event: 5.858 Thread 0x0000028eec82b3c0 DEOPT PACKING pc=0x0000028ec983794e sp=0x000000d56d0fae70
Event: 5.858 Thread 0x0000028eec82b3c0 DEOPT UNPACKING pc=0x0000028ed0777143 sp=0x000000d56d0fa380 mode 0
Event: 5.978 Thread 0x0000028eec82b3c0 DEOPT PACKING pc=0x0000028ec97323ac sp=0x000000d56d0fb1f0
Event: 5.978 Thread 0x0000028eec82b3c0 DEOPT UNPACKING pc=0x0000028ed0777143 sp=0x000000d56d0fa770 mode 0
Event: 6.127 Thread 0x0000028eec82b3c0 DEOPT PACKING pc=0x0000028ec983792d sp=0x000000d56d0fb800
Event: 6.127 Thread 0x0000028eec82b3c0 DEOPT UNPACKING pc=0x0000028ed0777143 sp=0x000000d56d0fad10 mode 0
Event: 6.205 Thread 0x0000028eec82b3c0 Uncommon trap: trap_request=0xffffff45 fr.pc=0x0000028ed0fec6d8 relative=0x0000000000000418
Event: 6.205 Thread 0x0000028eec82b3c0 Uncommon trap: reason=unstable_if action=reinterpret pc=0x0000028ed0fec6d8 method=java.util.HashMap.getNode(Ljava/lang/Object;)Ljava/util/HashMap$Node; @ 131 c2
Event: 6.205 Thread 0x0000028eec82b3c0 DEOPT PACKING pc=0x0000028ed0fec6d8 sp=0x000000d56d0fa9b0
Event: 6.205 Thread 0x0000028eec82b3c0 DEOPT UNPACKING pc=0x0000028ed07769a3 sp=0x000000d56d0fa8d0 mode 2
Event: 6.206 Thread 0x0000028eec82b3c0 Uncommon trap: trap_request=0xffffff45 fr.pc=0x0000028ed0fee288 relative=0x0000000000000548
Event: 6.206 Thread 0x0000028eec82b3c0 Uncommon trap: reason=unstable_if action=reinterpret pc=0x0000028ed0fee288 method=java.util.HashMap.getNode(Ljava/lang/Object;)Ljava/util/HashMap$Node; @ 131 c2
Event: 6.206 Thread 0x0000028eec82b3c0 DEOPT PACKING pc=0x0000028ed0fee288 sp=0x000000d56d0fa940
Event: 6.206 Thread 0x0000028eec82b3c0 DEOPT UNPACKING pc=0x0000028ed07769a3 sp=0x000000d56d0fa8d0 mode 2
Event: 6.357 Thread 0x0000028eec82b3c0 Uncommon trap: trap_request=0xffffffde fr.pc=0x0000028ed0e7e72c relative=0x00000000000001ac
Event: 6.357 Thread 0x0000028eec82b3c0 Uncommon trap: reason=class_check action=maybe_recompile pc=0x0000028ed0e7e72c method=java.lang.String.equals(Ljava/lang/Object;)Z @ 8 c2
Event: 6.357 Thread 0x0000028eec82b3c0 DEOPT PACKING pc=0x0000028ed0e7e72c sp=0x000000d56d0f8e00
Event: 6.357 Thread 0x0000028eec82b3c0 DEOPT UNPACKING pc=0x0000028ed07769a3 sp=0x000000d56d0f8da8 mode 2

Classes loaded (20 events):
Event: 6.142 Loading class org/xml/sax/SAXException
Event: 6.142 Loading class org/xml/sax/SAXException done
Event: 6.142 Loading class javax/xml/xpath/XPathExpressionException
Event: 6.142 Loading class javax/xml/xpath/XPathException
Event: 6.142 Loading class javax/xml/xpath/XPathException done
Event: 6.142 Loading class javax/xml/xpath/XPathExpressionException done
Event: 6.142 Loading class org/xml/sax/ErrorHandler
Event: 6.142 Loading class org/xml/sax/ErrorHandler done
Event: 6.147 Loading class java/nio/file/AtomicMoveNotSupportedException
Event: 6.147 Loading class java/nio/file/AtomicMoveNotSupportedException done
Event: 6.244 Loading class java/lang/ThreadLocal$SuppliedThreadLocal
Event: 6.244 Loading class java/lang/ThreadLocal$SuppliedThreadLocal done
Event: 6.346 Loading class java/util/zip/GZIPOutputStream
Event: 6.346 Loading class java/util/zip/DeflaterOutputStream
Event: 6.346 Loading class java/util/zip/DeflaterOutputStream done
Event: 6.346 Loading class java/util/zip/GZIPOutputStream done
Event: 6.346 Loading class java/util/zip/GZIPInputStream
Event: 6.346 Loading class java/util/zip/GZIPInputStream done
Event: 6.347 Loading class java/io/UnsupportedEncodingException
Event: 6.347 Loading class java/io/UnsupportedEncodingException done

Classes unloaded (0 events):
No events

Classes redefined (0 events):
No events

Internal exceptions (20 events):
Event: 5.359 Thread 0x0000028eec82b3c0 Exception <a 'java/lang/NoSuchMethodError'{0x0000000709920570}: 'void java.lang.invoke.DelegatingMethodHandle$Holder.reinvoke_L(java.lang.Object, java.lang.Object, java.lang.Object, java.lang.Object, java.lang.Object, java.lang.Object, java.lang.Object, java.lang.Object, java.lang.Object, java.lang.Object)'> (0x0000000709920570) 
thrown [s\src\hotspot\share\interpreter\linkResolver.cpp, line 759]
Event: 5.359 Thread 0x0000028eec82b3c0 Exception <a 'java/lang/NoSuchMethodError'{0x00000007099289e0}: 'java.lang.Object java.lang.invoke.DirectMethodHandle$Holder.invokeSpecial(java.lang.Object, java.lang.Object, java.lang.Object, java.lang.Object, java.lang.Object, java.lang.Object, java.lang.Object, java.lang.Object, java.lang.Object, java.lang.Object)'> (0x00000007099289e0) 
thrown [s\src\hotspot\share\interpreter\linkResolver.cpp, line 759]
Event: 5.360 Thread 0x0000028eec82b3c0 Exception <a 'java/lang/NoSuchMethodError'{0x000000070992d2b0}: 'java.lang.Object java.lang.invoke.Invokers$Holder.invoker(java.lang.Object, java.lang.Object, java.lang.Object, java.lang.Object, java.lang.Object, java.lang.Object, java.lang.Object, java.lang.Object, java.lang.Object, java.lang.Object)'> (0x000000070992d2b0) 
thrown [s\src\hotspot\share\interpreter\linkResolver.cpp, line 759]
Event: 5.360 Thread 0x0000028eec82b3c0 Exception <a 'java/lang/NoSuchMethodError'{0x0000000709932eb8}: 'java.lang.Object java.lang.invoke.DirectMethodHandle$Holder.invokeSpecial(java.lang.Object, java.lang.Object, java.lang.Object, java.lang.Object, java.lang.Object, java.lang.Object, java.lang.Object, java.lang.Object, java.lang.Object, java.lang.Object, java.lang.Object)'> (0x0000000709932eb8) 
thrown [s\src\hotspot\share\interpreter\linkResolver.cpp, line 759]
Event: 5.535 Thread 0x0000028eec82b3c0 Exception <a 'java/lang/NoSuchMethodError'{0x000000070f34d468}: 'java.lang.Object java.lang.invoke.DirectMethodHandle$Holder.newInvokeSpecial(java.lang.Object, java.lang.Object, int)'> (0x000000070f34d468) 
thrown [s\src\hotspot\share\interpreter\linkResolver.cpp, line 759]
Event: 5.622 Thread 0x0000028eec82b3c0 Exception <a 'java/lang/NoSuchMethodError'{0x000000070ed124c8}: 'java.lang.Object java.lang.invoke.DirectMethodHandle$Holder.invokeInterface(java.lang.Object, java.lang.Object, java.lang.Object)'> (0x000000070ed124c8) 
thrown [s\src\hotspot\share\interpreter\linkResolver.cpp, line 759]
Event: 5.636 Thread 0x0000028eec82b3c0 Exception <a 'java/lang/NoSuchMethodError'{0x000000070edfa290}: 'int java.lang.invoke.DirectMethodHandle$Holder.invokeSpecialIFC(java.lang.Object, java.lang.Object, java.lang.Object, java.lang.Object)'> (0x000000070edfa290) 
thrown [s\src\hotspot\share\interpreter\linkResolver.cpp, line 759]
Event: 5.638 Thread 0x0000028eec82b3c0 Exception <a 'java/lang/IncompatibleClassChangeError'{0x000000070ea092d0}: Found class java.lang.Object, but interface was expected> (0x000000070ea092d0) 
thrown [s\src\hotspot\share\interpreter\linkResolver.cpp, line 826]
Event: 5.672 Thread 0x0000028eec82b3c0 Exception <a 'java/lang/NoSuchMethodError'{0x000000070e862038}: 'int java.lang.invoke.DirectMethodHandle$Holder.invokeStatic(java.lang.Object, java.lang.Object, java.lang.Object, java.lang.Object)'> (0x000000070e862038) 
thrown [s\src\hotspot\share\interpreter\linkResolver.cpp, line 759]
Event: 5.673 Thread 0x0000028eec82b3c0 Exception <a 'java/lang/NoSuchMethodError'{0x000000070e865f08}: 'java.lang.Object java.lang.invoke.Invokers$Holder.invokeExact_MT(java.lang.Object, java.lang.Object, java.lang.Object, java.lang.Object, java.lang.Object, java.lang.Object)'> (0x000000070e865f08) 
thrown [s\src\hotspot\share\interpreter\linkResolver.cpp, line 759]
Event: 5.931 Thread 0x0000028eec82b3c0 Exception <a 'java/lang/NoSuchMethodError'{0x000000070dbc0a68}: 'int java.lang.invoke.DirectMethodHandle$Holder.invokeStaticInit(java.lang.Object, java.lang.Object, java.lang.Object)'> (0x000000070dbc0a68) 
thrown [s\src\hotspot\share\interpreter\linkResolver.cpp, line 759]
Event: 6.102 Thread 0x0000028eec82b3c0 Exception <a 'java/lang/NoSuchMethodError'{0x000000070d160c10}: 'void java.lang.invoke.DirectMethodHandle$Holder.invokeSpecial(java.lang.Object, java.lang.Object, java.lang.Object, java.lang.Object, java.lang.Object)'> (0x000000070d160c10) 
thrown [s\src\hotspot\share\interpreter\linkResolver.cpp, line 759]
Event: 6.103 Thread 0x0000028eec82b3c0 Exception <a 'java/lang/NoSuchMethodError'{0x000000070d168570}: 'java.lang.Object java.lang.invoke.Invokers$Holder.invoker(java.lang.Object, java.lang.Object, java.lang.Object, java.lang.Object)'> (0x000000070d168570) 
thrown [s\src\hotspot\share\interpreter\linkResolver.cpp, line 759]
Event: 6.175 Thread 0x0000028eec82b3c0 Exception <a 'java/lang/NoSuchMethodError'{0x000000070cd326b8}: 'java.lang.Object java.lang.invoke.DirectMethodHandle$Holder.invokeVirtual(java.lang.Object, java.lang.Object, java.lang.Object, java.lang.Object)'> (0x000000070cd326b8) 
thrown [s\src\hotspot\share\interpreter\linkResolver.cpp, line 759]
Event: 6.218 Thread 0x0000028eec82b3c0 Exception <a 'java/lang/NoSuchMethodError'{0x000000070cb01758}: 'java.lang.Object java.lang.invoke.DirectMethodHandle$Holder.newInvokeSpecial(java.lang.Object, java.lang.Object, java.lang.Object, java.lang.Object, java.lang.Object, java.lang.Object, java.lang.Object)'> (0x000000070cb01758) 
thrown [s\src\hotspot\share\interpreter\linkResolver.cpp, line 759]
Event: 6.218 Thread 0x0000028eec82b3c0 Exception <a 'java/lang/NoSuchMethodError'{0x000000070cb06428}: 'java.lang.Object java.lang.invoke.Invokers$Holder.linkToTargetMethod(java.lang.Object, java.lang.Object, java.lang.Object, java.lang.Object, java.lang.Object, java.lang.Object, java.lang.Object)'> (0x000000070cb06428) 
thrown [s\src\hotspot\share\interpreter\linkResolver.cpp, line 759]
Event: 6.383 Thread 0x0000028eec82b3c0 Exception <a 'java/lang/NoSuchMethodError'{0x000000070c00c8c0}: 'java.lang.Object java.lang.invoke.DelegatingMethodHandle$Holder.reinvoke_L(java.lang.Object, java.lang.Object, java.lang.Object, java.lang.Object, java.lang.Object, java.lang.Object, java.lang.Object, java.lang.Object, java.lang.Object, java.lang.Object, java.lang.Object, java.lang.Object, java.lang.Object, java.lang.Object, java.lang.Object, java.lang.Object, java.lang.Object, java.lang.Object, java.lang.Object, java.lang.Object, java.lang.O
Event: 6.384 Thread 0x0000028eec82b3c0 Exception <a 'java/lang/NoSuchMethodError'{0x000000070c018998}: 'java.lang.Object java.lang.invoke.DirectMethodHandle$Holder.invokeSpecial(java.lang.Object, java.lang.Object, java.lang.Object, java.lang.Object, java.lang.Object, java.lang.Object, java.lang.Object, java.lang.Object, java.lang.Object, java.lang.Object, java.lang.Object, java.lang.Object, java.lang.Object, java.lang.Object, java.lang.Object, java.lang.Object, java.lang.Object, java.lang.Object, java.lang.Object, java.lang.Object, java.lang.Ob
Event: 6.384 Thread 0x0000028eec82b3c0 Exception <a 'java/lang/NoSuchMethodError'{0x000000070c01e620}: 'java.lang.Object java.lang.invoke.Invokers$Holder.invoker(java.lang.Object, java.lang.Object, java.lang.Object, java.lang.Object, java.lang.Object, java.lang.Object, java.lang.Object, java.lang.Object, java.lang.Object, java.lang.Object, java.lang.Object, java.lang.Object, java.lang.Object, java.lang.Object, java.lang.Object, java.lang.Object, java.lang.Object, java.lang.Object, java.lang.Object, java.lang.Object, java.lang.Object, java.lang.
Event: 6.384 Thread 0x0000028eec82b3c0 Exception <a 'java/lang/NoSuchMethodError'{0x000000070c025150}: 'java.lang.Object java.lang.invoke.DelegatingMethodHandle$Holder.delegate(java.lang.Object, java.lang.Object, java.lang.Object, java.lang.Object, java.lang.Object, java.lang.Object, java.lang.Object, java.lang.Object, java.lang.Object, java.lang.Object, java.lang.Object, java.lang.Object, java.lang.Object, java.lang.Object, java.lang.Object, java.lang.Object, java.lang.Object, java.lang.Object, java.lang.Object, java.lang.Object, java.lang.Obj

VM Operations (20 events):
Event: 4.916 Executing VM operation: HandshakeAllThreads
Event: 4.916 Executing VM operation: HandshakeAllThreads done
Event: 4.933 Executing VM operation: HandshakeAllThreads
Event: 4.934 Executing VM operation: HandshakeAllThreads done
Event: 4.960 Executing VM operation: HandshakeAllThreads
Event: 4.960 Executing VM operation: HandshakeAllThreads done
Event: 5.033 Executing VM operation: HandshakeAllThreads
Event: 5.033 Executing VM operation: HandshakeAllThreads done
Event: 5.079 Executing VM operation: ICBufferFull
Event: 5.079 Executing VM operation: ICBufferFull done
Event: 5.381 Executing VM operation: G1CollectForAllocation
Event: 5.388 Executing VM operation: G1CollectForAllocation done
Event: 5.719 Executing VM operation: HandshakeAllThreads
Event: 5.719 Executing VM operation: HandshakeAllThreads done
Event: 5.720 Executing VM operation: HandshakeAllThreads
Event: 5.720 Executing VM operation: HandshakeAllThreads done
Event: 5.965 Executing VM operation: HandshakeAllThreads
Event: 5.966 Executing VM operation: HandshakeAllThreads done
Event: 6.111 Executing VM operation: ICBufferFull
Event: 6.111 Executing VM operation: ICBufferFull done

Memory protections (0 events):
No events

Nmethod flushes (0 events):
No events

Events (20 events):
Event: 3.514 Thread 0x0000028ee49846f0 Thread exited: 0x0000028ee49846f0
Event: 3.667 Thread 0x0000028ee49841a0 Thread exited: 0x0000028ee49841a0
Event: 3.798 Thread 0x0000028ee4984c40 Thread exited: 0x0000028ee4984c40
Event: 4.624 Thread 0x0000028ee49831b0 Thread added: 0x0000028ee49856e0
Event: 4.625 Thread 0x0000028ec1791550 Thread added: 0x0000028eec153d30
Event: 4.974 Thread 0x0000028ec1791550 Thread added: 0x0000028eec85c6d0
Event: 5.019 Thread 0x0000028ec1791550 Thread added: 0x0000028eec3a5e30
Event: 5.067 Thread 0x0000028eec85c6d0 Thread added: 0x0000028eebf360d0
Event: 5.069 Thread 0x0000028eebf360d0 Thread added: 0x0000028eebafa720
Event: 5.109 Thread 0x0000028eebf360d0 Thread added: 0x0000028eec82aeb0
Event: 5.114 Thread 0x0000028eebf360d0 Thread added: 0x0000028eec82b3c0
Event: 5.120 Thread 0x0000028eec82b3c0 Thread added: 0x0000028eec82b8d0
Event: 5.121 Thread 0x0000028eec82b3c0 Thread added: 0x0000028eec82bde0
Event: 5.128 Thread 0x0000028eec82b3c0 Thread added: 0x0000028eec82dc40
Event: 5.534 Thread 0x0000028eec82b3c0 Thread added: 0x0000028eec82d220
Event: 5.541 Thread 0x0000028eec82b3c0 Thread added: 0x0000028eec82a9a0
Event: 5.576 Thread 0x0000028eec82b3c0 Thread added: 0x0000028eec82d730
Event: 6.055 Thread 0x0000028ee49856e0 Thread added: 0x0000028ee49841a0
Event: 6.364 Thread 0x0000028eec82b3c0 Thread added: 0x0000028eeb2cf860
Event: 6.378 Thread 0x0000028eec82b3c0 Thread added: 0x0000028eeb2d11b0


Dynamic libraries:
0x00007ff618280000 - 0x00007ff61828e000 	C:\Program Files\Microsoft\jdk-17.0.15.6-hotspot\bin\java.exe
0x00007ffdd43a0000 - 0x00007ffdd4609000 	C:\WINDOWS\SYSTEM32\ntdll.dll
0x00007ffdd3620000 - 0x00007ffdd36e9000 	C:\WINDOWS\System32\KERNEL32.DLL
0x00007ffdd1d40000 - 0x00007ffdd2133000 	C:\WINDOWS\System32\KERNELBASE.dll
0x00007ffdd1ac0000 - 0x00007ffdd1c0b000 	C:\WINDOWS\System32\ucrtbase.dll
0x00007ffdcc210000 - 0x00007ffdcc22d000 	C:\Program Files\Microsoft\jdk-17.0.15.6-hotspot\bin\VCRUNTIME140.dll
0x00007ffdc8b10000 - 0x00007ffdc8b27000 	C:\Program Files\Microsoft\jdk-17.0.15.6-hotspot\bin\jli.dll
0x00007ffdd2a90000 - 0x00007ffdd2c54000 	C:\WINDOWS\System32\USER32.dll
0x00007ffdac800000 - 0x00007ffdaca93000 	C:\WINDOWS\WinSxS\amd64_microsoft.windows.common-controls_6595b64144ccf1df_6.0.26100.5074_none_3e0d6f78e32fd63f\COMCTL32.dll
0x00007ffdd2890000 - 0x00007ffdd2939000 	C:\WINDOWS\System32\msvcrt.dll
0x00007ffdd2140000 - 0x00007ffdd2167000 	C:\WINDOWS\System32\win32u.dll
0x00007ffdd2170000 - 0x00007ffdd219b000 	C:\WINDOWS\System32\GDI32.dll
0x00007ffdd1c10000 - 0x00007ffdd1d3d000 	C:\WINDOWS\System32\gdi32full.dll
0x00007ffdd15f0000 - 0x00007ffdd1693000 	C:\WINDOWS\System32\msvcp_win.dll
0x00007ffdd3520000 - 0x00007ffdd354f000 	C:\WINDOWS\System32\IMM32.DLL
0x00007ffdcc170000 - 0x00007ffdcc17c000 	C:\Program Files\Microsoft\jdk-17.0.15.6-hotspot\bin\vcruntime140_1.dll
0x00007ffdb3a30000 - 0x00007ffdb3abd000 	C:\Program Files\Microsoft\jdk-17.0.15.6-hotspot\bin\msvcp140.dll
0x00007ffcf2390000 - 0x00007ffcf3002000 	C:\Program Files\Microsoft\jdk-17.0.15.6-hotspot\bin\server\jvm.dll
0x00007ffdd3f40000 - 0x00007ffdd3ff4000 	C:\WINDOWS\System32\ADVAPI32.dll
0x00007ffdd2e30000 - 0x00007ffdd2ed6000 	C:\WINDOWS\System32\sechost.dll
0x00007ffdd2970000 - 0x00007ffdd2a88000 	C:\WINDOWS\System32\RPCRT4.dll
0x00007ffdd36f0000 - 0x00007ffdd3764000 	C:\WINDOWS\System32\WS2_32.dll
0x00007ffdc4990000 - 0x00007ffdc49c5000 	C:\WINDOWS\SYSTEM32\WINMM.dll
0x00007ffdd0db0000 - 0x00007ffdd0e0e000 	C:\WINDOWS\SYSTEM32\POWRPROF.dll
0x00007ffdc8020000 - 0x00007ffdc802b000 	C:\WINDOWS\SYSTEM32\VERSION.dll
0x00007ffdd0d90000 - 0x00007ffdd0da4000 	C:\WINDOWS\SYSTEM32\UMPDC.dll
0x00007ffdd02d0000 - 0x00007ffdd02eb000 	C:\WINDOWS\SYSTEM32\kernel.appcore.dll
0x00007ffdc8d90000 - 0x00007ffdc8d9a000 	C:\Program Files\Microsoft\jdk-17.0.15.6-hotspot\bin\jimage.dll
0x00007ffdce9f0000 - 0x00007ffdcec32000 	C:\WINDOWS\SYSTEM32\DBGHELP.DLL
0x00007ffdd31a0000 - 0x00007ffdd351b000 	C:\WINDOWS\System32\combase.dll
0x00007ffdd40a0000 - 0x00007ffdd4177000 	C:\WINDOWS\System32\OLEAUT32.dll
0x00007ffda4c90000 - 0x00007ffda4ccd000 	C:\WINDOWS\SYSTEM32\dbgcore.DLL
0x00007ffdd16a0000 - 0x00007ffdd1739000 	C:\WINDOWS\System32\bcryptPrimitives.dll
0x00007ffdc8ab0000 - 0x00007ffdc8abe000 	C:\Program Files\Microsoft\jdk-17.0.15.6-hotspot\bin\instrument.dll
0x00007ffdb3b40000 - 0x00007ffdb3b65000 	C:\Program Files\Microsoft\jdk-17.0.15.6-hotspot\bin\java.dll
0x00007ffdaccc0000 - 0x00007ffdacd96000 	C:\Program Files\Microsoft\jdk-17.0.15.6-hotspot\bin\jsvml.dll
0x00007ffdd3770000 - 0x00007ffdd3ebd000 	C:\WINDOWS\System32\SHELL32.dll
0x00007ffdd1740000 - 0x00007ffdd18ac000 	C:\WINDOWS\System32\wintypes.dll
0x00007ffdcf150000 - 0x00007ffdcf9a9000 	C:\WINDOWS\SYSTEM32\windows.storage.dll
0x00007ffdd21b0000 - 0x00007ffdd22a0000 	C:\WINDOWS\System32\SHCORE.dll
0x00007ffdd2dc0000 - 0x00007ffdd2e22000 	C:\WINDOWS\System32\shlwapi.dll
0x00007ffdd1450000 - 0x00007ffdd1479000 	C:\WINDOWS\SYSTEM32\profapi.dll
0x00007ffdb3a10000 - 0x00007ffdb3a28000 	C:\Program Files\Microsoft\jdk-17.0.15.6-hotspot\bin\zip.dll
0x00007ffdb3b20000 - 0x00007ffdb3b3a000 	C:\Program Files\Microsoft\jdk-17.0.15.6-hotspot\bin\net.dll
0x00007ffdca6d0000 - 0x00007ffdca7ef000 	C:\WINDOWS\SYSTEM32\WINHTTP.dll
0x00007ffdd0830000 - 0x00007ffdd089b000 	C:\WINDOWS\system32\mswsock.dll
0x00007ffdb3b00000 - 0x00007ffdb3b16000 	C:\Program Files\Microsoft\jdk-17.0.15.6-hotspot\bin\nio.dll
0x00007ffdc8b00000 - 0x00007ffdc8b10000 	C:\Program Files\Microsoft\jdk-17.0.15.6-hotspot\bin\verify.dll
0x00007ffdacf30000 - 0x00007ffdacf57000 	C:\Users\kingmingseo\.gradle\native\1def1411415f61bf3af743bc5b6707747c0891f09f0c88961ee8f79bc544acac\windows-amd64\native-platform.dll
0x00007ffdac4a0000 - 0x00007ffdac518000 	C:\Users\kingmingseo\.gradle\native\0.2.7\x86_64-windows-gnu\gradle-fileevents.dll
0x00007ffdc2800000 - 0x00007ffdc280a000 	C:\Program Files\Microsoft\jdk-17.0.15.6-hotspot\bin\management.dll
0x00007ffdb0650000 - 0x00007ffdb065b000 	C:\Program Files\Microsoft\jdk-17.0.15.6-hotspot\bin\management_ext.dll
0x00007ffdd2300000 - 0x00007ffdd2308000 	C:\WINDOWS\System32\PSAPI.DLL
0x00007ffdcfd20000 - 0x00007ffdcfd54000 	C:\WINDOWS\SYSTEM32\IPHLPAPI.DLL
0x00007ffdd4000000 - 0x00007ffdd400a000 	C:\WINDOWS\System32\NSI.dll
0x00007ffdca8d0000 - 0x00007ffdca8ee000 	C:\WINDOWS\SYSTEM32\dhcpcsvc6.DLL
0x00007ffdca800000 - 0x00007ffdca823000 	C:\WINDOWS\SYSTEM32\dhcpcsvc.DLL
0x00007ffdcfdc0000 - 0x00007ffdcfee6000 	C:\WINDOWS\SYSTEM32\DNSAPI.dll
0x00007ffdad2c0000 - 0x00007ffdad2c9000 	C:\Program Files\Microsoft\jdk-17.0.15.6-hotspot\bin\extnet.dll
0x00007ffdd0c00000 - 0x00007ffdd0c1b000 	C:\WINDOWS\SYSTEM32\CRYPTSP.dll
0x00007ffdd0230000 - 0x00007ffdd026b000 	C:\WINDOWS\system32\rsaenh.dll
0x00007ffdd08d0000 - 0x00007ffdd08fb000 	C:\WINDOWS\SYSTEM32\USERENV.dll
0x00007ffdd1420000 - 0x00007ffdd1446000 	C:\WINDOWS\SYSTEM32\bcrypt.dll
0x00007ffdd0a60000 - 0x00007ffdd0a6c000 	C:\WINDOWS\SYSTEM32\CRYPTBASE.dll
0x00007ffdad0c0000 - 0x00007ffdad0ce000 	C:\Program Files\Microsoft\jdk-17.0.15.6-hotspot\bin\sunmscapi.dll
0x00007ffdd1940000 - 0x00007ffdd1ab7000 	C:\WINDOWS\System32\CRYPT32.dll
0x00007ffdd0e70000 - 0x00007ffdd0ea0000 	C:\WINDOWS\SYSTEM32\ncrypt.dll
0x00007ffdd0e20000 - 0x00007ffdd0e5f000 	C:\WINDOWS\SYSTEM32\NTASN1.dll
0x00007ffda27c0000 - 0x00007ffda27c8000 	C:\WINDOWS\system32\wshunix.dll

dbghelp: loaded successfully - version: 4.0.5 - missing functions: none
symbol engine: initialized successfully - sym options: 0x614 - pdb path: .;C:\Program Files\Microsoft\jdk-17.0.15.6-hotspot\bin;C:\WINDOWS\SYSTEM32;C:\WINDOWS\WinSxS\amd64_microsoft.windows.common-controls_6595b64144ccf1df_6.0.26100.5074_none_3e0d6f78e32fd63f;C:\Program Files\Microsoft\jdk-17.0.15.6-hotspot\bin\server;C:\Users\kingmingseo\.gradle\native\1def1411415f61bf3af743bc5b6707747c0891f09f0c88961ee8f79bc544acac\windows-amd64;C:\Users\kingmingseo\.gradle\native\0.2.7\x86_64-windows-gnu

VM Arguments:
jvm_args: --add-opens=java.base/java.lang=ALL-UNNAMED --add-opens=java.base/java.lang.invoke=ALL-UNNAMED --add-opens=java.base/java.util=ALL-UNNAMED --add-opens=java.prefs/java.util.prefs=ALL-UNNAMED --add-exports=jdk.compiler/com.sun.tools.javac.api=ALL-UNNAMED --add-exports=jdk.compiler/com.sun.tools.javac.util=ALL-UNNAMED --add-opens=java.base/java.util=ALL-UNNAMED --add-opens=java.prefs/java.util.prefs=ALL-UNNAMED --add-opens=java.base/java.nio.charset=ALL-UNNAMED --add-opens=java.base/java.net=ALL-UNNAMED --add-opens=java.base/java.util.concurrent.atomic=ALL-UNNAMED --add-opens=java.xml/javax.xml.namespace=ALL-UNNAMED -XX:MaxMetaspaceSize=1024m -Xmx4096m -Dfile.encoding=x-windows-949 -Duser.country=KR -Duser.language=ko -Duser.variant -javaagent:C:\Users\kingmingseo\.gradle\wrapper\dists\gradle-8.13-bin\5xuhj0ry160q40clulazy9h7d\gradle-8.13\lib\agents\gradle-instrumentation-agent-8.13.jar 
java_command: org.gradle.launcher.daemon.bootstrap.GradleDaemon 8.13
java_class_path (initial): C:\Users\kingmingseo\.gradle\wrapper\dists\gradle-8.13-bin\5xuhj0ry160q40clulazy9h7d\gradle-8.13\lib\gradle-daemon-main-8.13.jar
Launcher Type: SUN_STANDARD

[Global flags]
     intx CICompilerCount                          = 12                                        {product} {ergonomic}
   size_t CompressedClassSpaceSize                 = 872415232                                 {product} {ergonomic}
     uint ConcGCThreads                            = 4                                         {product} {ergonomic}
     uint G1ConcRefinementThreads                  = 15                                        {product} {ergonomic}
   size_t G1HeapRegionSize                         = 2097152                                   {product} {ergonomic}
    uintx GCDrainStackTargetSize                   = 64                                        {product} {ergonomic}
   size_t InitialHeapSize                          = 264241152                                 {product} {ergonomic}
   size_t MarkStackSize                            = 4194304                                   {product} {ergonomic}
   size_t MaxHeapSize                              = 4294967296                                {product} {command line}
   size_t MaxMetaspaceSize                         = 1073741824                                {product} {command line}
   size_t MaxNewSize                               = 2575302656                                {product} {ergonomic}
   size_t MinHeapDeltaBytes                        = 2097152                                   {product} {ergonomic}
   size_t MinHeapSize                              = 8388608                                   {product} {ergonomic}
    uintx NonNMethodCodeHeapSize                   = 7602480                                {pd product} {ergonomic}
    uintx NonProfiledCodeHeapSize                  = 122027880                              {pd product} {ergonomic}
    uintx ProfiledCodeHeapSize                     = 122027880                              {pd product} {ergonomic}
    uintx ReservedCodeCacheSize                    = 251658240                              {pd product} {ergonomic}
     bool SegmentedCodeCache                       = true                                      {product} {ergonomic}
   size_t SoftMaxHeapSize                          = 4294967296                             {manageable} {ergonomic}
     bool UseCompressedClassPointers               = true                           {product lp64_product} {ergonomic}
     bool UseCompressedOops                        = true                           {product lp64_product} {ergonomic}
     bool UseG1GC                                  = true                                      {product} {ergonomic}
     bool UseLargePagesIndividualAllocation        = false                                  {pd product} {ergonomic}

Logging:
Log output configuration:
 #0: stdout all=warning uptime,level,tags
 #1: stderr all=off uptime,level,tags

Environment Variables:
JAVA_HOME=C:\Program Files\Microsoft\jdk-17.0.15.6-hotspot\
CLASSPATH=c:\Users\kingmingseo\Desktop\MatZip\MatZip\android\\gradle\wrapper\gradle-wrapper.jar
PATH=C:\Program Files\Microsoft\jdk-17.0.15.6-hotspot\bin;C:\Program Files\Common Files\Oracle\Java\javapath;c:\Users\kingmingseo\AppData\Local\Programs\cursor\resources\app\bin;C:\Python313\Scripts\;C:\Python313\;C:\WINDOWS\system32;C:\WINDOWS;C:\WINDOWS\System32\Wbem;C:\WINDOWS\System32\WindowsPowerShell\v1.0\;C:\WINDOWS\System32\OpenSSH\;C:\Program Files\dotnet\;C:\Program Files (x86)\NVIDIA Corporation\PhysX\Common;C:\Program Files\Bandizip\;C:\Program Files\Git\cmd;C:\ProgramData\chocolatey\bin;C:\Program Files\Docker\Docker\resources\bin;C:\Program Files\NVIDIA Corporation\NVIDIA app\NvDLISR;C:\Users\kingmingseo\AppData\Local\nvm;C:\nvm4w\nodejs;C:\Users\kingmingseo\anaconda3;C:\Users\kingmingseo\anaconda3\Library\mingw-w64\bin;C:\Users\kingmingseo\anaconda3\Library\usr\bin;C:\Users\kingmingseo\anaconda3\Library\bin;C:\Users\kingmingseo\anaconda3\Scripts;C:\Users\kingmingseo\AppData\Local\Microsoft\WindowsApps;C:\Users\kingmingseo\AppData\Local\nvm;C:\nvm4w\nodejs;C:\Users\kingmingseo\AppData\Local\Programs\cursor\resources\app\bin;c:\Users\kingmingseo\AppData\Local\Programs\cursor\resources\app\bin;C:\Program Files\nodejs\;C:\Users\kingmingseo\anaconda3;C:\Users\kingmingseo\anaconda3\Library\mingw-w64\bin;C:\Users\kingmingseo\anaconda3\Library\usr\bin;C:\Users\kingmingseo\anaconda3\Library\bin;C:\Users\kingmingseo\anaconda3\Scripts;C:\Users\kingmingseo\AppData\Local\Microsoft\WindowsApps;C:\Users\kingmingseo\AppData\Local\Programs\Microsoft VS Code\bin;C:\Users\kingmingseo\AppData\Local\nvm;C:\nvm4w\nodejs;C:\Users\kingmingseo\AppData\Local\Programs\cursor\resources\app\bin;C:\Users\kingmingseo\.bun\bin;C:\Users\kingmingseo\AppData\Roaming\npm;C:\Users\kingmingseo\AppData\Local\Android\Sdk\platform-tools;
USERNAME=kingmingseo
OS=Windows_NT
PROCESSOR_IDENTIFIER=Intel64 Family 6 Model 154 Stepping 3, GenuineIntel
TMP=C:\Users\KINGMI~1\AppData\Local\Temp
TEMP=C:\Users\KINGMI~1\AppData\Local\Temp



Periodic native trim disabled


---------------  S Y S T E M  ---------------

OS:
 Windows 11 , 64 bit Build 26100 (10.0.26100.5074)
OS uptime: 0 days 2:11 hours
Hyper-V role detected

CPU: total 20 (initial active 20) (10 cores per cpu, 2 threads per core) family 6 model 154 stepping 3 microcode 0x42c, cx8, cmov, fxsr, ht, mmx, 3dnowpref, sse, sse2, sse3, ssse3, sse4.1, sse4.2, popcnt, lzcnt, tsc, tscinvbit, avx, avx2, aes, erms, clmul, bmi1, bmi2, adx, sha, fma, vzeroupper, clflush, clflushopt, clwb, hv
Processor Information for processor 0
  Max Mhz: 2300, Current Mhz: 2300, Mhz Limit: 2300
Processor Information for processor 1
  Max Mhz: 2300, Current Mhz: 2300, Mhz Limit: 2300
Processor Information for processor 2
  Max Mhz: 2300, Current Mhz: 2300, Mhz Limit: 2300
Processor Information for processor 3
  Max Mhz: 2300, Current Mhz: 2300, Mhz Limit: 2300
Processor Information for processor 4
  Max Mhz: 2300, Current Mhz: 2300, Mhz Limit: 2300
Processor Information for processor 5
  Max Mhz: 2300, Current Mhz: 2300, Mhz Limit: 2300
Processor Information for processor 6
  Max Mhz: 2300, Current Mhz: 2300, Mhz Limit: 2300
Processor Information for processor 7
  Max Mhz: 2300, Current Mhz: 2300, Mhz Limit: 2300
Processor Information for processor 8
  Max Mhz: 2300, Current Mhz: 2300, Mhz Limit: 2300
Processor Information for processor 9
  Max Mhz: 2300, Current Mhz: 2300, Mhz Limit: 2300
Processor Information for processor 10
  Max Mhz: 2300, Current Mhz: 2300, Mhz Limit: 2300
Processor Information for processor 11
  Max Mhz: 2300, Current Mhz: 2300, Mhz Limit: 2300
Processor Information for processor 12
  Max Mhz: 2300, Current Mhz: 1500, Mhz Limit: 1679
Processor Information for processor 13
  Max Mhz: 2300, Current Mhz: 1700, Mhz Limit: 1679
Processor Information for processor 14
  Max Mhz: 2300, Current Mhz: 1700, Mhz Limit: 1679
Processor Information for processor 15
  Max Mhz: 2300, Current Mhz: 1700, Mhz Limit: 1679
Processor Information for processor 16
  Max Mhz: 2300, Current Mhz: 1700, Mhz Limit: 1679
Processor Information for processor 17
  Max Mhz: 2300, Current Mhz: 1700, Mhz Limit: 1679
Processor Information for processor 18
  Max Mhz: 2300, Current Mhz: 1700, Mhz Limit: 1679
Processor Information for processor 19
  Max Mhz: 2300, Current Mhz: 1700, Mhz Limit: 1679

Memory: 4k page, system-wide physical 16049M (1217M free)
TotalPageFile size 46363M (AvailPageFile size 4M)
current process WorkingSet (physical memory assigned to process): 254M, peak: 259M
current process commit charge ("private bytes"): 453M, peak: 460M

vm_info: OpenJDK 64-Bit Server VM (17.0.15+6-LTS) for windows-amd64 JRE (17.0.15+6-LTS), built on Apr  9 2025 22:27:25 by "MicrosoftCorporation" with unknown MS VC++:1939

END.
