#
# There is insufficient memory for the Java Runtime Environment to continue.
# Native memory allocation (malloc) failed to allocate 1348352 bytes. Error detail: Chunk::new
# Possible reasons:
#   The system is out of physical RAM or swap space
#   This process is running with CompressedOops enabled, and the Java Heap may be blocking the growth of the native heap
# Possible solutions:
#   Reduce memory load on the system
#   Increase physical memory or swap space
#   Check if swap backing store is full
#   Decrease Java heap size (-Xmx/-Xms)
#   Decrease number of Java threads
#   Decrease Java thread stack sizes (-Xss)
#   Set larger code cache with -XX:ReservedCodeCacheSize=
#   JVM is running with Zero Based Compressed Oops mode in which the Java heap is
#     placed in the first 32GB address space. The Java Heap base address is the
#     maximum limit for the native heap growth. Please use -XX:HeapBaseMinAddress
#     to set the Java Heap base and to place the Java Heap above 32GB virtual address.
# This output file may be truncated or incomplete.
#
#  Out of Memory Error (arena.cpp:191), pid=17008, tid=14168
#
# JRE version: OpenJDK Runtime Environment Microsoft-11369865 (17.0.15+6) (build 17.0.15+6-LTS)
# Java VM: OpenJDK 64-Bit Server VM Microsoft-11369865 (17.0.15+6-LTS, mixed mode, sharing, tiered, compressed oops, compressed class ptrs, g1 gc, windows-amd64)
# No core dump will be written. Minidumps are not enabled by default on client versions of Windows
#

---------------  S U M M A R Y ------------

Command Line: --add-opens=java.base/java.lang=ALL-UNNAMED --add-opens=java.base/java.lang.invoke=ALL-UNNAMED --add-opens=java.base/java.util=ALL-UNNAMED --add-opens=java.prefs/java.util.prefs=ALL-UNNAMED --add-exports=jdk.compiler/com.sun.tools.javac.api=ALL-UNNAMED --add-exports=jdk.compiler/com.sun.tools.javac.util=ALL-UNNAMED --add-opens=java.base/java.util=ALL-UNNAMED --add-opens=java.prefs/java.util.prefs=ALL-UNNAMED --add-opens=java.base/java.nio.charset=ALL-UNNAMED --add-opens=java.base/java.net=ALL-UNNAMED --add-opens=java.base/java.util.concurrent.atomic=ALL-UNNAMED --add-opens=java.xml/javax.xml.namespace=ALL-UNNAMED -XX:MaxMetaspaceSize=1024m -Xmx4096m -Dfile.encoding=x-windows-949 -Duser.country=KR -Duser.language=ko -Duser.variant -javaagent:C:\Users\kingmingseo\.gradle\wrapper\dists\gradle-8.13-bin\5xuhj0ry160q40clulazy9h7d\gradle-8.13\lib\agents\gradle-instrumentation-agent-8.13.jar org.gradle.launcher.daemon.bootstrap.GradleDaemon 8.13

Host: 12th Gen Intel(R) Core(TM) i7-12700H, 20 cores, 15G,  Windows 11 , 64 bit Build 26100 (10.0.26100.5074)
Time: Mon Sep 15 21:40:54 2025  Windows 11 , 64 bit Build 26100 (10.0.26100.5074) elapsed time: 25.215131 seconds (0d 0h 0m 25s)

---------------  T H R E A D  ---------------

Current thread (0x0000019bdf5ec590):  JavaThread "C2 CompilerThread2" daemon [_thread_in_native, id=14168, stack(0x0000003495e00000,0x0000003495f00000)]


Current CompileTask:
C2:  25215 6180   !   4       java.net.URLClassLoader$1::run (81 bytes)

Stack: [0x0000003495e00000,0x0000003495f00000]
Native frames: (J=compiled Java code, j=interpreted, Vv=VM code, C=native code)
V  [jvm.dll+0x6887a9]
V  [jvm.dll+0x83f5a8]
V  [jvm.dll+0x841053]
V  [jvm.dll+0x8416c3]
V  [jvm.dll+0x2496ef]
V  [jvm.dll+0xad134]
V  [jvm.dll+0xad7cc]
V  [jvm.dll+0x36af2e]
V  [jvm.dll+0x1bce62]
V  [jvm.dll+0x21aa7c]
V  [jvm.dll+0x219d3f]
V  [jvm.dll+0x1a55f6]
V  [jvm.dll+0x22a39a]
V  [jvm.dll+0x2284db]
V  [jvm.dll+0x7f4e28]
V  [jvm.dll+0x7ef2dc]
V  [jvm.dll+0x687687]
C  [ucrtbase.dll+0x37b0]
C  [KERNEL32.DLL+0x2e8d7]
C  [ntdll.dll+0x8d9c]


---------------  P R O C E S S  ---------------

Threads class SMR info:
_java_thread_list=0x0000019be3b65170, length=48, elements={
0x0000019bffe42b10, 0x0000019ba2ff70f0, 0x0000019ba2ff9bd0, 0x0000019ba30161b0,
0x0000019ba3018a90, 0x0000019ba3019360, 0x0000019ba3019c30, 0x0000019ba301f860,
0x0000019ba3020170, 0x0000019bd9089f60, 0x0000019bd917b780, 0x0000019bd917b270,
0x0000019bdfd415e0, 0x0000019bde85d750, 0x0000019bd9178f00, 0x0000019bd917bc90,
0x0000019bd91784e0, 0x0000019bd9179410, 0x0000019bd917a850, 0x0000019bd917ad60,
0x0000019bd9179920, 0x0000019bd9179e30, 0x0000019bdecc5310, 0x0000019bdecc39c0,
0x0000019bdecc2580, 0x0000019bdecc2a90, 0x0000019bdecc2070, 0x0000019bdecc5820,
0x0000019bdecc5d30, 0x0000019bdecc6240, 0x0000019bdecc6750, 0x0000019bdecc6c60,
0x0000019bdecc8fd0, 0x0000019bdecc7b90, 0x0000019bdecc8ac0, 0x0000019bd95711a0,
0x0000019bd95716b0, 0x0000019bd956fd60, 0x0000019bd95720d0, 0x0000019bd9575880,
0x0000019bd95725e0, 0x0000019bd9575d90, 0x0000019bd9574e60, 0x0000019bd95762a0,
0x0000019bd9573000, 0x0000019bdf5ee020, 0x0000019bdf5ec590, 0x0000019bdf5ebaf0
}

Java Threads: ( => current thread )
  0x0000019bffe42b10 JavaThread "main" [_thread_blocked, id=30512, stack(0x0000003492300000,0x0000003492400000)]
  0x0000019ba2ff70f0 JavaThread "Reference Handler" daemon [_thread_blocked, id=29752, stack(0x0000003492a00000,0x0000003492b00000)]
  0x0000019ba2ff9bd0 JavaThread "Finalizer" daemon [_thread_blocked, id=30724, stack(0x0000003492b00000,0x0000003492c00000)]
  0x0000019ba30161b0 JavaThread "Signal Dispatcher" daemon [_thread_blocked, id=29732, stack(0x0000003492c00000,0x0000003492d00000)]
  0x0000019ba3018a90 JavaThread "Attach Listener" daemon [_thread_blocked, id=26296, stack(0x0000003492d00000,0x0000003492e00000)]
  0x0000019ba3019360 JavaThread "Service Thread" daemon [_thread_blocked, id=16968, stack(0x0000003492e00000,0x0000003492f00000)]
  0x0000019ba3019c30 JavaThread "Monitor Deflation Thread" daemon [_thread_blocked, id=26256, stack(0x0000003492f00000,0x0000003493000000)]
  0x0000019ba301f860 JavaThread "C2 CompilerThread0" daemon [_thread_in_native, id=25216, stack(0x0000003493000000,0x0000003493100000)]
  0x0000019ba3020170 JavaThread "C1 CompilerThread0" daemon [_thread_blocked, id=29088, stack(0x0000003493100000,0x0000003493200000)]
  0x0000019bd9089f60 JavaThread "Sweeper thread" daemon [_thread_blocked, id=23116, stack(0x0000003493200000,0x0000003493300000)]
  0x0000019bd917b780 JavaThread "Common-Cleaner" daemon [_thread_blocked, id=11344, stack(0x0000003493300000,0x0000003493400000)]
  0x0000019bd917b270 JavaThread "Notification Thread" daemon [_thread_blocked, id=19984, stack(0x0000003493800000,0x0000003493900000)]
  0x0000019bdfd415e0 JavaThread "C1 CompilerThread1" daemon [_thread_blocked, id=30608, stack(0x0000003493400000,0x0000003493500000)]
  0x0000019bde85d750 JavaThread "C1 CompilerThread2" daemon [_thread_blocked, id=3020, stack(0x0000003493500000,0x0000003493600000)]
  0x0000019bd9178f00 JavaThread "Daemon health stats" [_thread_blocked, id=17116, stack(0x0000003493a00000,0x0000003493b00000)]
  0x0000019bd917bc90 JavaThread "Incoming local TCP Connector on port 53209" [_thread_in_native, id=28128, stack(0x0000003493b00000,0x0000003493c00000)]
  0x0000019bd91784e0 JavaThread "Daemon periodic checks" [_thread_blocked, id=24816, stack(0x0000003494500000,0x0000003494600000)]
  0x0000019bd9179410 JavaThread "Daemon" [_thread_blocked, id=28756, stack(0x0000003494600000,0x0000003494700000)]
  0x0000019bd917a850 JavaThread "Handler for socket connection from /127.0.0.1:53209 to /127.0.0.1:53210" [_thread_in_native, id=2348, stack(0x0000003494700000,0x0000003494800000)]
  0x0000019bd917ad60 JavaThread "Cancel handler" [_thread_blocked, id=30600, stack(0x0000003494800000,0x0000003494900000)]
  0x0000019bd9179920 JavaThread "Daemon worker" [_thread_in_vm, id=14292, stack(0x0000003494900000,0x0000003494a00000)]
  0x0000019bd9179e30 JavaThread "Asynchronous log dispatcher for DefaultDaemonConnection: socket connection from /127.0.0.1:53209 to /127.0.0.1:53210" [_thread_blocked, id=17700, stack(0x0000003494a00000,0x0000003494b00000)]
  0x0000019bdecc5310 JavaThread "Stdin handler" [_thread_blocked, id=16192, stack(0x0000003494b00000,0x0000003494c00000)]
  0x0000019bdecc39c0 JavaThread "Daemon client event forwarder" [_thread_blocked, id=30844, stack(0x0000003494c00000,0x0000003494d00000)]
  0x0000019bdecc2580 JavaThread "Cache worker for journal cache (C:\Users\kingmingseo\.gradle\caches\journal-1)" [_thread_blocked, id=16440, stack(0x0000003493700000,0x0000003493800000)]
  0x0000019bdecc2a90 JavaThread "File lock request listener" [_thread_in_native, id=2676, stack(0x0000003494d00000,0x0000003494e00000)]
  0x0000019bdecc2070 JavaThread "Cache worker for file hash cache (C:\Users\kingmingseo\.gradle\caches\8.13\fileHashes)" [_thread_blocked, id=4764, stack(0x0000003494e00000,0x0000003494f00000)]
  0x0000019bdecc5820 JavaThread "Cache worker for file hash cache (C:\Users\kingmingseo\Desktop\MatZip\MatZip\android\.gradle\8.13\fileHashes)" [_thread_blocked, id=11540, stack(0x0000003495100000,0x0000003495200000)]
  0x0000019bdecc5d30 JavaThread "Cache worker for Build Output Cleanup Cache (C:\Users\kingmingseo\Desktop\MatZip\MatZip\android\.gradle\buildOutputCleanup)" [_thread_blocked, id=30200, stack(0x0000003495200000,0x0000003495300000)]
  0x0000019bdecc6240 JavaThread "File watcher server" daemon [_thread_in_native, id=26428, stack(0x0000003495a00000,0x0000003495b00000)]
  0x0000019bdecc6750 JavaThread "File watcher consumer" daemon [_thread_blocked, id=9716, stack(0x0000003495b00000,0x0000003495c00000)]
  0x0000019bdecc6c60 JavaThread "jar transforms" [_thread_blocked, id=31204, stack(0x0000003493600000,0x0000003493700000)]
  0x0000019bdecc8fd0 JavaThread "jar transforms Thread 2" [_thread_blocked, id=26412, stack(0x0000003494f00000,0x0000003495000000)]
  0x0000019bdecc7b90 JavaThread "Cache worker for checksums cache (C:\Users\kingmingseo\Desktop\MatZip\MatZip\android\.gradle\8.13\checksums)" [_thread_blocked, id=288, stack(0x0000003496100000,0x0000003496200000)]
  0x0000019bdecc8ac0 JavaThread "Cache worker for file content cache (C:\Users\kingmingseo\.gradle\caches\8.13\fileContent)" [_thread_blocked, id=15800, stack(0x0000003496200000,0x0000003496300000)]
  0x0000019bd95711a0 JavaThread "jar transforms Thread 3" [_thread_blocked, id=31132, stack(0x0000003496000000,0x0000003496100000)]
  0x0000019bd95716b0 JavaThread "Cache worker for cache directory md-supplier (C:\Users\kingmingseo\.gradle\caches\8.13\md-supplier)" [_thread_blocked, id=25120, stack(0x0000003495d00000,0x0000003495e00000)]
  0x0000019bd956fd60 JavaThread "Cache worker for cache directory md-rule (C:\Users\kingmingseo\.gradle\caches\8.13\md-rule)" [_thread_blocked, id=31272, stack(0x0000003495f00000,0x0000003496000000)]
  0x0000019bd95720d0 JavaThread "Cache worker for Build Output Cleanup Cache (C:\Users\kingmingseo\Desktop\MatZip\MatZip\node_modules\@react-native\gradle-plugin\.gradle\buildOutputCleanup)" [_thread_blocked, id=4716, stack(0x0000003496300000,0x0000003496400000)]
  0x0000019bd9575880 JavaThread "Unconstrained build operations" [_thread_blocked, id=31472, stack(0x0000003496500000,0x0000003496600000)]
  0x0000019bd95725e0 JavaThread "Unconstrained build operations Thread 2" [_thread_blocked, id=27240, stack(0x0000003496600000,0x0000003496700000)]
  0x0000019bd9575d90 JavaThread "Unconstrained build operations Thread 3" [_thread_blocked, id=14908, stack(0x0000003496700000,0x0000003496800000)]
  0x0000019bd9574e60 JavaThread "Unconstrained build operations Thread 4" [_thread_blocked, id=27748, stack(0x0000003496800000,0x0000003496900000)]
  0x0000019bd95762a0 JavaThread "Unconstrained build operations Thread 5" [_thread_blocked, id=10208, stack(0x0000003496900000,0x0000003496a00000)]
  0x0000019bd9573000 JavaThread "Unconstrained build operations Thread 6" [_thread_blocked, id=17164, stack(0x0000003496a00000,0x0000003496b00000)]
  0x0000019bdf5ee020 JavaThread "C2 CompilerThread1" daemon [_thread_in_native, id=30392, stack(0x0000003495c00000,0x0000003495d00000)]
=>0x0000019bdf5ec590 JavaThread "C2 CompilerThread2" daemon [_thread_in_native, id=14168, stack(0x0000003495e00000,0x0000003495f00000)]
  0x0000019bdf5ebaf0 JavaThread "C2 CompilerThread3" daemon [_thread_in_native, id=29988, stack(0x0000003496400000,0x0000003496500000)]

Other Threads:
  0x0000019bd9081ca0 VMThread "VM Thread" [stack: 0x0000003492900000,0x0000003492a00000] [id=16944]
  0x0000019bd930d920 WatcherThread [stack: 0x0000003493900000,0x0000003493a00000] [id=21904]
  0x0000019bffeb2e70 GCTaskThread "GC Thread#0" [stack: 0x0000003492400000,0x0000003492500000] [id=26164]
  0x0000019bd93407a0 GCTaskThread "GC Thread#1" [stack: 0x0000003493c00000,0x0000003493d00000] [id=26656]
  0x0000019bd9690e50 GCTaskThread "GC Thread#2" [stack: 0x0000003493d00000,0x0000003493e00000] [id=9428]
  0x0000019bd983d790 GCTaskThread "GC Thread#3" [stack: 0x0000003493e00000,0x0000003493f00000] [id=28796]
  0x0000019bd9845a40 GCTaskThread "GC Thread#4" [stack: 0x0000003493f00000,0x0000003494000000] [id=8076]
  0x0000019bd984dcf0 GCTaskThread "GC Thread#5" [stack: 0x0000003494000000,0x0000003494100000] [id=3820]
  0x0000019bdf041b00 GCTaskThread "GC Thread#6" [stack: 0x0000003494100000,0x0000003494200000] [id=9512]
  0x0000019bdf041dc0 GCTaskThread "GC Thread#7" [stack: 0x0000003494200000,0x0000003494300000] [id=2708]
  0x0000019bdf09a090 GCTaskThread "GC Thread#8" [stack: 0x0000003494300000,0x0000003494400000] [id=31596]
  0x0000019bdf09ab60 GCTaskThread "GC Thread#9" [stack: 0x0000003494400000,0x0000003494500000] [id=13416]
  0x0000019bdff30f50 GCTaskThread "GC Thread#10" [stack: 0x0000003495000000,0x0000003495100000] [id=28160]
  0x0000019bdff31210 GCTaskThread "GC Thread#11" [stack: 0x0000003495300000,0x0000003495400000] [id=28848]
  0x0000019bdff31d10 GCTaskThread "GC Thread#12" [stack: 0x0000003495400000,0x0000003495500000] [id=31680]
  0x0000019bdff32290 GCTaskThread "GC Thread#13" [stack: 0x0000003495500000,0x0000003495600000] [id=31456]
  0x0000019bdff32ad0 GCTaskThread "GC Thread#14" [stack: 0x0000003495600000,0x0000003495700000] [id=3216]
  0x0000019bffec49a0 ConcurrentGCThread "G1 Main Marker" [stack: 0x0000003492500000,0x0000003492600000] [id=4804]
  0x0000019bffec6580 ConcurrentGCThread "G1 Conc#0" [stack: 0x0000003492600000,0x0000003492700000] [id=29976]
  0x0000019bdff31fd0 ConcurrentGCThread "G1 Conc#1" [stack: 0x0000003495700000,0x0000003495800000] [id=29528]
  0x0000019bdff314d0 ConcurrentGCThread "G1 Conc#2" [stack: 0x0000003495800000,0x0000003495900000] [id=29764]
  0x0000019bdff31a50 ConcurrentGCThread "G1 Conc#3" [stack: 0x0000003495900000,0x0000003495a00000] [id=9756]
  0x0000019ba2f2e440 ConcurrentGCThread "G1 Refine#0" [stack: 0x0000003492700000,0x0000003492800000] [id=4532]
  0x0000019ba2f2eb20 ConcurrentGCThread "G1 Service" [stack: 0x0000003492800000,0x0000003492900000] [id=27160]

Threads with active compile tasks:
C2 CompilerThread0    25279 6162   !   4       java.net.URLClassLoader::findClass (47 bytes)
C2 CompilerThread1    25279 6166       4       java.net.URLClassLoader$1::run (5 bytes)
C2 CompilerThread2    25279 6180   !   4       java.net.URLClassLoader$1::run (81 bytes)
C2 CompilerThread3    25279 6164       4       org.objectweb.asm.MethodWriter::computeAllFrames (510 bytes)

VM state: not at safepoint (normal execution)

VM Mutex/Monitor currently owned by a thread: None

Heap address: 0x0000000700000000, size: 4096 MB, Compressed Oops mode: Zero based, Oop shift amount: 3

CDS archive(s) mapped at: [0x0000019ba4000000-0x0000019ba4bb0000-0x0000019ba4bb0000), size 12255232, SharedBaseAddress: 0x0000019ba4000000, ArchiveRelocationMode: 1.
Compressed class space mapped at: 0x0000019ba5000000-0x0000019bd9000000, reserved size: 872415232
Narrow klass base: 0x0000019ba4000000, Narrow klass shift: 0, Narrow klass range: 0x100000000

GC Precious Log:
 CPUs: 20 total, 20 available
 Memory: 16049M
 Large Page Support: Disabled
 NUMA Support: Disabled
 Compressed Oops: Enabled (Zero based)
 Heap Region Size: 2M
 Heap Min Capacity: 8M
 Heap Initial Capacity: 252M
 Heap Max Capacity: 4G
 Pre-touch: Disabled
 Parallel Workers: 15
 Concurrent Workers: 4
 Concurrent Refinement Workers: 15
 Periodic GC: Disabled

Heap:
 garbage-first heap   total 116736K, used 86822K [0x0000000700000000, 0x0000000800000000)
  region size 2048K, 27 young (55296K), 3 survivors (6144K)
 Metaspace       used 53159K, committed 53760K, reserved 917504K
  class space    used 7488K, committed 7744K, reserved 851968K

Heap Regions: E=young(eden), S=young(survivor), O=old, HS=humongous(starts), HC=humongous(continues), CS=collection set, F=free, OA=open archive, CA=closed archive, TAMS=top-at-mark-start (previous, next)
|   0|0x0000000700000000, 0x0000000700200000, 0x0000000700200000|100%|HS|  |TAMS 0x0000000700200000, 0x0000000700000000| Complete 
|   1|0x0000000700200000, 0x0000000700400000, 0x0000000700400000|100%|HC|  |TAMS 0x0000000700400000, 0x0000000700200000| Complete 
|   2|0x0000000700400000, 0x0000000700600000, 0x0000000700600000|100%| O|  |TAMS 0x0000000700600000, 0x0000000700400000| Untracked 
|   3|0x0000000700600000, 0x0000000700800000, 0x0000000700800000|100%| O|  |TAMS 0x0000000700800000, 0x0000000700600000| Untracked 
|   4|0x0000000700800000, 0x0000000700a00000, 0x0000000700a00000|100%| O|  |TAMS 0x0000000700a00000, 0x0000000700800000| Untracked 
|   5|0x0000000700a00000, 0x0000000700c00000, 0x0000000700c00000|100%| O|  |TAMS 0x0000000700a00000, 0x0000000700a00000| Untracked 
|   6|0x0000000700c00000, 0x0000000700e00000, 0x0000000700e00000|100%| O|  |TAMS 0x0000000700e00000, 0x0000000700c00000| Untracked 
|   7|0x0000000700e00000, 0x0000000701000000, 0x0000000701000000|100%| O|  |TAMS 0x0000000701000000, 0x0000000700e00000| Untracked 
|   8|0x0000000701000000, 0x0000000701200000, 0x0000000701200000|100%| O|  |TAMS 0x0000000701200000, 0x0000000701000000| Untracked 
|   9|0x0000000701200000, 0x0000000701400000, 0x0000000701400000|100%| O|  |TAMS 0x0000000701400000, 0x0000000701200000| Untracked 
|  10|0x0000000701400000, 0x0000000701600000, 0x0000000701600000|100%| O|  |TAMS 0x0000000701600000, 0x0000000701400000| Untracked 
|  11|0x0000000701600000, 0x0000000701800000, 0x0000000701800000|100%| O|  |TAMS 0x0000000701800000, 0x0000000701600000| Untracked 
|  12|0x0000000701800000, 0x0000000701a00000, 0x0000000701a00000|100%| O|  |TAMS 0x0000000701a00000, 0x0000000701800000| Untracked 
|  13|0x0000000701a00000, 0x0000000701c00000, 0x0000000701c00000|100%| O|  |TAMS 0x0000000701c00000, 0x0000000701a00000| Untracked 
|  14|0x0000000701c00000, 0x0000000701c00000, 0x0000000701e00000|  0%| F|  |TAMS 0x0000000701c00000, 0x0000000701c00000| Untracked 
|  15|0x0000000701e00000, 0x0000000701f85600, 0x0000000702000000| 76%| O|  |TAMS 0x0000000701e00000, 0x0000000701e00000| Untracked 
|  16|0x0000000702000000, 0x0000000702200000, 0x0000000702200000|100%| O|  |TAMS 0x0000000702000000, 0x0000000702000000| Untracked 
|  17|0x0000000702200000, 0x0000000702400000, 0x0000000702400000|100%| O|  |TAMS 0x0000000702200000, 0x0000000702200000| Untracked 
|  18|0x0000000702400000, 0x0000000702400000, 0x0000000702600000|  0%| F|  |TAMS 0x0000000702400000, 0x0000000702400000| Untracked 
|  19|0x0000000702600000, 0x0000000702600000, 0x0000000702800000|  0%| F|  |TAMS 0x0000000702600000, 0x0000000702600000| Untracked 
|  20|0x0000000702800000, 0x0000000702800000, 0x0000000702a00000|  0%| F|  |TAMS 0x0000000702800000, 0x0000000702800000| Untracked 
|  21|0x0000000702a00000, 0x0000000702a00000, 0x0000000702c00000|  0%| F|  |TAMS 0x0000000702a00000, 0x0000000702a00000| Untracked 
|  22|0x0000000702c00000, 0x0000000702c00000, 0x0000000702e00000|  0%| F|  |TAMS 0x0000000702c00000, 0x0000000702c00000| Untracked 
|  23|0x0000000702e00000, 0x0000000702e00000, 0x0000000703000000|  0%| F|  |TAMS 0x0000000702e00000, 0x0000000702e00000| Untracked 
|  24|0x0000000703000000, 0x0000000703000000, 0x0000000703200000|  0%| F|  |TAMS 0x0000000703000000, 0x0000000703000000| Untracked 
|  25|0x0000000703200000, 0x0000000703200000, 0x0000000703400000|  0%| F|  |TAMS 0x0000000703200000, 0x0000000703200000| Untracked 
|  26|0x0000000703400000, 0x0000000703544300, 0x0000000703600000| 63%| S|CS|TAMS 0x0000000703400000, 0x0000000703400000| Complete 
|  27|0x0000000703600000, 0x0000000703600000, 0x0000000703800000|  0%| F|  |TAMS 0x0000000703600000, 0x0000000703600000| Untracked 
|  28|0x0000000703800000, 0x0000000703800000, 0x0000000703a00000|  0%| F|  |TAMS 0x0000000703800000, 0x0000000703800000| Untracked 
|  29|0x0000000703a00000, 0x0000000703c00000, 0x0000000703c00000|100%| S|CS|TAMS 0x0000000703a00000, 0x0000000703a00000| Complete 
|  30|0x0000000703c00000, 0x0000000703e00000, 0x0000000703e00000|100%| S|CS|TAMS 0x0000000703c00000, 0x0000000703c00000| Complete 
|  31|0x0000000703e00000, 0x0000000703e00000, 0x0000000704000000|  0%| F|  |TAMS 0x0000000703e00000, 0x0000000703e00000| Untracked 
|  32|0x0000000704000000, 0x0000000704000000, 0x0000000704200000|  0%| F|  |TAMS 0x0000000704000000, 0x0000000704000000| Untracked 
|  33|0x0000000704200000, 0x00000007043e4d70, 0x0000000704400000| 94%| E|  |TAMS 0x0000000704200000, 0x0000000704200000| Complete 
|  34|0x0000000704400000, 0x0000000704600000, 0x0000000704600000|100%| E|CS|TAMS 0x0000000704400000, 0x0000000704400000| Complete 
|  35|0x0000000704600000, 0x0000000704800000, 0x0000000704800000|100%| E|CS|TAMS 0x0000000704600000, 0x0000000704600000| Complete 
|  36|0x0000000704800000, 0x0000000704a00000, 0x0000000704a00000|100%| E|CS|TAMS 0x0000000704800000, 0x0000000704800000| Complete 
|  37|0x0000000704a00000, 0x0000000704c00000, 0x0000000704c00000|100%| E|CS|TAMS 0x0000000704a00000, 0x0000000704a00000| Complete 
|  38|0x0000000704c00000, 0x0000000704e00000, 0x0000000704e00000|100%| E|CS|TAMS 0x0000000704c00000, 0x0000000704c00000| Complete 
|  39|0x0000000704e00000, 0x0000000705000000, 0x0000000705000000|100%| E|CS|TAMS 0x0000000704e00000, 0x0000000704e00000| Complete 
|  40|0x0000000705000000, 0x0000000705200000, 0x0000000705200000|100%| E|CS|TAMS 0x0000000705000000, 0x0000000705000000| Complete 
|  41|0x0000000705200000, 0x0000000705400000, 0x0000000705400000|100%| E|CS|TAMS 0x0000000705200000, 0x0000000705200000| Complete 
|  42|0x0000000705400000, 0x0000000705600000, 0x0000000705600000|100%| E|CS|TAMS 0x0000000705400000, 0x0000000705400000| Complete 
|  43|0x0000000705600000, 0x0000000705800000, 0x0000000705800000|100%| E|CS|TAMS 0x0000000705600000, 0x0000000705600000| Complete 
|  44|0x0000000705800000, 0x0000000705a00000, 0x0000000705a00000|100%| E|CS|TAMS 0x0000000705800000, 0x0000000705800000| Complete 
|  45|0x0000000705a00000, 0x0000000705c00000, 0x0000000705c00000|100%| E|CS|TAMS 0x0000000705a00000, 0x0000000705a00000| Complete 
|  46|0x0000000705c00000, 0x0000000705e00000, 0x0000000705e00000|100%| E|CS|TAMS 0x0000000705c00000, 0x0000000705c00000| Complete 
|  47|0x0000000705e00000, 0x0000000706000000, 0x0000000706000000|100%| E|CS|TAMS 0x0000000705e00000, 0x0000000705e00000| Complete 
|  48|0x0000000706000000, 0x0000000706200000, 0x0000000706200000|100%| E|CS|TAMS 0x0000000706000000, 0x0000000706000000| Complete 
|  69|0x0000000708a00000, 0x0000000708c00000, 0x0000000708c00000|100%| E|CS|TAMS 0x0000000708a00000, 0x0000000708a00000| Complete 
|  70|0x0000000708c00000, 0x0000000708e00000, 0x0000000708e00000|100%| E|CS|TAMS 0x0000000708c00000, 0x0000000708c00000| Complete 
|  71|0x0000000708e00000, 0x0000000709000000, 0x0000000709000000|100%| E|CS|TAMS 0x0000000708e00000, 0x0000000708e00000| Complete 
|  72|0x0000000709000000, 0x0000000709200000, 0x0000000709200000|100%| E|CS|TAMS 0x0000000709000000, 0x0000000709000000| Complete 
|  73|0x0000000709200000, 0x0000000709400000, 0x0000000709400000|100%| E|CS|TAMS 0x0000000709200000, 0x0000000709200000| Complete 
|  74|0x0000000709400000, 0x0000000709600000, 0x0000000709600000|100%| E|CS|TAMS 0x0000000709400000, 0x0000000709400000| Complete 
|  75|0x0000000709600000, 0x0000000709800000, 0x0000000709800000|100%| E|CS|TAMS 0x0000000709600000, 0x0000000709600000| Complete 
| 125|0x000000070fa00000, 0x000000070fc00000, 0x000000070fc00000|100%| E|CS|TAMS 0x000000070fa00000, 0x000000070fa00000| Complete 

Card table byte_map: [0x0000019b97c30000,0x0000019b98430000] _byte_map_base: 0x0000019b94430000

Marking Bits (Prev, Next): (CMBitMap*) 0x0000019bffeb33a0, (CMBitMap*) 0x0000019bffeb33e0
 Prev Bits: [0x0000019b98c30000, 0x0000019b9cc30000)
 Next Bits: [0x0000019b9cc30000, 0x0000019ba0c30000)

Polling page: 0x0000019bfddb0000

Metaspace:

Usage:
  Non-class:     44.61 MB used.
      Class:      7.31 MB used.
       Both:     51.92 MB used.

Virtual space:
  Non-class space:       64.00 MB reserved,      44.94 MB ( 70%) committed,  1 nodes.
      Class space:      832.00 MB reserved,       7.62 MB ( <1%) committed,  1 nodes.
             Both:      896.00 MB reserved,      52.56 MB (  6%) committed. 

Chunk freelists:
   Non-Class:  2.64 MB
       Class:  8.36 MB
        Both:  11.00 MB

MaxMetaspaceSize: 1.00 GB
CompressedClassSpaceSize: 832.00 MB
Initial GC threshold: 21.00 MB
Current GC threshold: 58.69 MB
CDS: on
MetaspaceReclaimPolicy: balanced
 - commit_granule_bytes: 65536.
 - commit_granule_words: 8192.
 - virtual_space_node_default_size: 8388608.
 - enlarge_chunks_in_place: 1.
 - new_chunks_are_fully_committed: 0.
 - uncommit_free_chunks: 1.
 - use_allocation_guard: 0.
 - handle_deallocations: 1.


Internal statistics:

num_allocs_failed_limit: 6.
num_arena_births: 668.
num_arena_deaths: 0.
num_vsnodes_births: 2.
num_vsnodes_deaths: 0.
num_space_committed: 841.
num_space_uncommitted: 0.
num_chunks_returned_to_freelist: 6.
num_chunks_taken_from_freelist: 2832.
num_chunk_merges: 6.
num_chunk_splits: 1876.
num_chunks_enlarged: 1297.
num_inconsistent_stats: 0.

CodeHeap 'non-profiled nmethods': size=119168Kb used=3099Kb max_used=3131Kb free=116069Kb
 bounds [0x0000019b8f630000, 0x0000019b8f940000, 0x0000019b96a90000]
CodeHeap 'profiled nmethods': size=119104Kb used=11167Kb max_used=11167Kb free=107936Kb
 bounds [0x0000019b87a90000, 0x0000019b88580000, 0x0000019b8eee0000]
CodeHeap 'non-nmethods': size=7488Kb used=3478Kb max_used=4070Kb free=4009Kb
 bounds [0x0000019b8eee0000, 0x0000019b8f2f0000, 0x0000019b8f630000]
 total_blobs=6339 nmethods=5463 adapters=786
 compilation: enabled
              stopped_count=0, restarted_count=0
 full_count=0

Compilation events (20 events):
Event: 24.702 Thread 0x0000019bde85d750 6206       3       org.objectweb.asm.Label::addLineNumber (106 bytes)
Event: 24.704 Thread 0x0000019bdfd415e0 6207       3       org.objectweb.asm.MethodWriter::visitLocalVariable (222 bytes)
Event: 24.705 Thread 0x0000019bde85d750 nmethod 6206 0x0000019b88569210 code [0x0000019b885693e0, 0x0000019b88569928]
Event: 24.712 Thread 0x0000019bdfd415e0 nmethod 6207 0x0000019b88569b10 code [0x0000019b88569e60, 0x0000019b8856b058]
Event: 24.748 Thread 0x0000019ba3020170 6208       3       org.objectweb.asm.ClassReader::readMethod (1070 bytes)
Event: 24.785 Thread 0x0000019ba3020170 nmethod 6208 0x0000019b8856b890 code [0x0000019b8856c000, 0x0000019b88570728]
Event: 24.842 Thread 0x0000019bde85d750 6209       3       org.gradle.internal.instantiation.generator.AsmBackedClassGenerator$ClassBuilderImpl::addLazyGetter (18 bytes)
Event: 24.843 Thread 0x0000019bde85d750 nmethod 6209 0x0000019b88572390 code [0x0000019b88572540, 0x0000019b885726a8]
Event: 24.852 Thread 0x0000019bdfd415e0 6211       3       org.objectweb.asm.ClassWriter::getClassLoader (8 bytes)
Event: 24.852 Thread 0x0000019bde85d750 6210   !   3       org.objectweb.asm.ClassWriter::getCommonSuperClass (141 bytes)
Event: 24.853 Thread 0x0000019ba3020170 6212       3       org.gradle.internal.instantiation.generator.AsmBackedClassGenerator$ClassBuilderImpl::access$7700 (4 bytes)
Event: 24.854 Thread 0x0000019ba3020170 nmethod 6212 0x0000019b88572790 code [0x0000019b88572920, 0x0000019b88572a18]
Event: 24.858 Thread 0x0000019bdfd415e0 nmethod 6211 0x0000019b88572a90 code [0x0000019b88572ce0, 0x0000019b88573718]
Event: 24.859 Thread 0x0000019bde85d750 nmethod 6210 0x0000019b88573a90 code [0x0000019b88573da0, 0x0000019b885749d8]
Event: 24.888 Thread 0x0000019bdfd415e0 6213       3       org.gradle.internal.operations.DefaultBuildOperationListenerManager$ProgressShieldingBuildOperationListener::finished (26 bytes)
Event: 24.891 Thread 0x0000019bdfd415e0 nmethod 6213 0x0000019b88575010 code [0x0000019b885751c0, 0x0000019b885754b8]
Event: 24.966 Thread 0x0000019bde85d750 6214       3       org.objectweb.asm.ClassVisitor::<init> (79 bytes)
Event: 24.968 Thread 0x0000019bde85d750 nmethod 6214 0x0000019b88575610 code [0x0000019b88575840, 0x0000019b88575fb8]
Event: 25.088 Thread 0x0000019bdfd415e0 6215       3       java.net.URLClassLoader::getAndVerifyPackage (109 bytes)
Event: 25.090 Thread 0x0000019bdfd415e0 nmethod 6215 0x0000019b88576290 code [0x0000019b885765e0, 0x0000019b88577768]

GC Heap History (20 events):
Event: 6.466 GC heap before
{Heap before GC invocations=2 (full 0):
 garbage-first heap   total 258048K, used 79467K [0x0000000700000000, 0x0000000800000000)
  region size 2048K, 37 young (75776K), 3 survivors (6144K)
 Metaspace       used 8688K, committed 8896K, reserved 917504K
  class space    used 1148K, committed 1280K, reserved 851968K
}
Event: 6.472 GC heap after
{Heap after GC invocations=3 (full 0):
 garbage-first heap   total 258048K, used 19303K [0x0000000700000000, 0x0000000800000000)
  region size 2048K, 4 young (8192K), 4 survivors (8192K)
 Metaspace       used 8688K, committed 8896K, reserved 917504K
  class space    used 1148K, committed 1280K, reserved 851968K
}
Event: 11.496 GC heap before
{Heap before GC invocations=3 (full 0):
 garbage-first heap   total 258048K, used 111463K [0x0000000700000000, 0x0000000800000000)
  region size 2048K, 50 young (102400K), 4 survivors (8192K)
 Metaspace       used 21147K, committed 21504K, reserved 917504K
  class space    used 3053K, committed 3264K, reserved 851968K
}
Event: 11.502 GC heap after
{Heap after GC invocations=4 (full 0):
 garbage-first heap   total 258048K, used 24547K [0x0000000700000000, 0x0000000800000000)
  region size 2048K, 7 young (14336K), 7 survivors (14336K)
 Metaspace       used 21147K, committed 21504K, reserved 917504K
  class space    used 3053K, committed 3264K, reserved 851968K
}
Event: 14.969 GC heap before
{Heap before GC invocations=5 (full 0):
 garbage-first heap   total 96256K, used 67555K [0x0000000700000000, 0x0000000800000000)
  region size 2048K, 28 young (57344K), 7 survivors (14336K)
 Metaspace       used 26540K, committed 26944K, reserved 917504K
  class space    used 3899K, committed 4096K, reserved 851968K
}
Event: 14.982 GC heap after
{Heap after GC invocations=6 (full 0):
 garbage-first heap   total 96256K, used 27769K [0x0000000700000000, 0x0000000800000000)
  region size 2048K, 2 young (4096K), 2 survivors (4096K)
 Metaspace       used 26540K, committed 26944K, reserved 917504K
  class space    used 3899K, committed 4096K, reserved 851968K
}
Event: 15.094 GC heap before
{Heap before GC invocations=6 (full 0):
 garbage-first heap   total 96256K, used 27769K [0x0000000700000000, 0x0000000800000000)
  region size 2048K, 3 young (6144K), 2 survivors (4096K)
 Metaspace       used 26651K, committed 27008K, reserved 917504K
  class space    used 3915K, committed 4096K, reserved 851968K
}
Event: 15.100 GC heap after
{Heap after GC invocations=7 (full 0):
 garbage-first heap   total 96256K, used 28487K [0x0000000700000000, 0x0000000800000000)
  region size 2048K, 1 young (2048K), 1 survivors (2048K)
 Metaspace       used 26651K, committed 27008K, reserved 917504K
  class space    used 3915K, committed 4096K, reserved 851968K
}
Event: 16.542 GC heap before
{Heap before GC invocations=7 (full 0):
 garbage-first heap   total 96256K, used 65351K [0x0000000700000000, 0x0000000800000000)
  region size 2048K, 20 young (40960K), 1 survivors (2048K)
 Metaspace       used 31442K, committed 31808K, reserved 917504K
  class space    used 4377K, committed 4544K, reserved 851968K
}
Event: 16.545 GC heap after
{Heap after GC invocations=8 (full 0):
 garbage-first heap   total 96256K, used 31889K [0x0000000700000000, 0x0000000800000000)
  region size 2048K, 3 young (6144K), 3 survivors (6144K)
 Metaspace       used 31442K, committed 31808K, reserved 917504K
  class space    used 4377K, committed 4544K, reserved 851968K
}
Event: 19.261 GC heap before
{Heap before GC invocations=8 (full 0):
 garbage-first heap   total 96256K, used 68753K [0x0000000700000000, 0x0000000800000000)
  region size 2048K, 21 young (43008K), 3 survivors (6144K)
 Metaspace       used 35584K, committed 35968K, reserved 917504K
  class space    used 4889K, committed 5056K, reserved 851968K
}
Event: 19.267 GC heap after
{Heap after GC invocations=9 (full 0):
 garbage-first heap   total 96256K, used 33996K [0x0000000700000000, 0x0000000800000000)
  region size 2048K, 2 young (4096K), 2 survivors (4096K)
 Metaspace       used 35584K, committed 35968K, reserved 917504K
  class space    used 4889K, committed 5056K, reserved 851968K
}
Event: 20.220 GC heap before
{Heap before GC invocations=10 (full 0):
 garbage-first heap   total 96256K, used 66764K [0x0000000700000000, 0x0000000800000000)
  region size 2048K, 19 young (38912K), 2 survivors (4096K)
 Metaspace       used 38993K, committed 39488K, reserved 917504K
  class space    used 5308K, committed 5504K, reserved 851968K
}
Event: 20.224 GC heap after
{Heap after GC invocations=11 (full 0):
 garbage-first heap   total 116736K, used 34998K [0x0000000700000000, 0x0000000800000000)
  region size 2048K, 2 young (4096K), 2 survivors (4096K)
 Metaspace       used 38993K, committed 39488K, reserved 917504K
  class space    used 5308K, committed 5504K, reserved 851968K
}
Event: 20.231 GC heap before
{Heap before GC invocations=11 (full 0):
 garbage-first heap   total 116736K, used 37046K [0x0000000700000000, 0x0000000800000000)
  region size 2048K, 3 young (6144K), 2 survivors (4096K)
 Metaspace       used 38993K, committed 39488K, reserved 917504K
  class space    used 5308K, committed 5504K, reserved 851968K
}
Event: 20.235 GC heap after
{Heap after GC invocations=12 (full 0):
 garbage-first heap   total 116736K, used 34583K [0x0000000700000000, 0x0000000800000000)
  region size 2048K, 1 young (2048K), 1 survivors (2048K)
 Metaspace       used 38993K, committed 39488K, reserved 917504K
  class space    used 5308K, committed 5504K, reserved 851968K
}
Event: 21.609 GC heap before
{Heap before GC invocations=12 (full 0):
 garbage-first heap   total 116736K, used 89879K [0x0000000700000000, 0x0000000800000000)
  region size 2048K, 28 young (57344K), 1 survivors (2048K)
 Metaspace       used 42909K, committed 43520K, reserved 917504K
  class space    used 5917K, committed 6208K, reserved 851968K
}
Event: 21.614 GC heap after
{Heap after GC invocations=13 (full 0):
 garbage-first heap   total 116736K, used 36718K [0x0000000700000000, 0x0000000800000000)
  region size 2048K, 2 young (4096K), 2 survivors (4096K)
 Metaspace       used 42909K, committed 43520K, reserved 917504K
  class space    used 5917K, committed 6208K, reserved 851968K
}
Event: 22.370 GC heap before
{Heap before GC invocations=13 (full 0):
 garbage-first heap   total 116736K, used 87918K [0x0000000700000000, 0x0000000800000000)
  region size 2048K, 28 young (57344K), 2 survivors (4096K)
 Metaspace       used 48469K, committed 49088K, reserved 917504K
  class space    used 6742K, committed 7040K, reserved 851968K
}
Event: 22.373 GC heap after
{Heap after GC invocations=14 (full 0):
 garbage-first heap   total 116736K, used 39718K [0x0000000700000000, 0x0000000800000000)
  region size 2048K, 3 young (6144K), 3 survivors (6144K)
 Metaspace       used 48469K, committed 49088K, reserved 917504K
  class space    used 6742K, committed 7040K, reserved 851968K
}

Dll operation events (15 events):
Event: 0.028 Loaded shared library C:\Program Files\Microsoft\jdk-17.0.15.6-hotspot\bin\java.dll
Event: 0.060 Loaded shared library C:\Program Files\Microsoft\jdk-17.0.15.6-hotspot\bin\jsvml.dll
Event: 0.157 Loaded shared library C:\Program Files\Microsoft\jdk-17.0.15.6-hotspot\bin\zip.dll
Event: 0.166 Loaded shared library C:\Program Files\Microsoft\jdk-17.0.15.6-hotspot\bin\instrument.dll
Event: 0.172 Loaded shared library C:\Program Files\Microsoft\jdk-17.0.15.6-hotspot\bin\net.dll
Event: 0.175 Loaded shared library C:\Program Files\Microsoft\jdk-17.0.15.6-hotspot\bin\nio.dll
Event: 0.179 Loaded shared library C:\Program Files\Microsoft\jdk-17.0.15.6-hotspot\bin\zip.dll
Event: 0.791 Loaded shared library C:\Program Files\Microsoft\jdk-17.0.15.6-hotspot\bin\jimage.dll
Event: 1.269 Loaded shared library C:\Program Files\Microsoft\jdk-17.0.15.6-hotspot\bin\verify.dll
Event: 1.489 Loaded shared library C:\Users\kingmingseo\.gradle\native\1def1411415f61bf3af743bc5b6707747c0891f09f0c88961ee8f79bc544acac\windows-amd64\native-platform.dll
Event: 1.520 Loaded shared library C:\Users\kingmingseo\.gradle\native\0.2.7\x86_64-windows-gnu\gradle-fileevents.dll
Event: 6.019 Loaded shared library C:\Program Files\Microsoft\jdk-17.0.15.6-hotspot\bin\management.dll
Event: 6.022 Loaded shared library C:\Program Files\Microsoft\jdk-17.0.15.6-hotspot\bin\management_ext.dll
Event: 6.333 Loaded shared library C:\Program Files\Microsoft\jdk-17.0.15.6-hotspot\bin\extnet.dll
Event: 6.540 Loaded shared library C:\Program Files\Microsoft\jdk-17.0.15.6-hotspot\bin\sunmscapi.dll

Deoptimization events (20 events):
Event: 24.001 Thread 0x0000019bd9179920 Uncommon trap: trap_request=0xffffff45 fr.pc=0x0000019b8f938154 relative=0x0000000000002494
Event: 24.001 Thread 0x0000019bd9179920 Uncommon trap: reason=unstable_if action=reinterpret pc=0x0000019b8f938154 method=java.util.HashMap.getNode(Ljava/lang/Object;)Ljava/util/HashMap$Node; @ 85 c2
Event: 24.001 Thread 0x0000019bd9179920 DEOPT PACKING pc=0x0000019b8f938154 sp=0x00000034949f7270
Event: 24.001 Thread 0x0000019bd9179920 DEOPT UNPACKING pc=0x0000019b8ef369a3 sp=0x00000034949f7158 mode 2
Event: 24.413 Thread 0x0000019bd9179920 Uncommon trap: trap_request=0xffffffbe fr.pc=0x0000019b8f6b74d0 relative=0x00000000000001b0
Event: 24.413 Thread 0x0000019bd9179920 Uncommon trap: reason=profile_predicate action=maybe_recompile pc=0x0000019b8f6b74d0 method=java.util.LinkedHashMap.keysToArray([Ljava/lang/Object;)[Ljava/lang/Object; @ 12 c2
Event: 24.413 Thread 0x0000019bd9179920 DEOPT PACKING pc=0x0000019b8f6b74d0 sp=0x00000034949f6c20
Event: 24.414 Thread 0x0000019bd9179920 DEOPT UNPACKING pc=0x0000019b8ef369a3 sp=0x00000034949f6bd8 mode 2
Event: 24.415 Thread 0x0000019bd9179920 Uncommon trap: trap_request=0xffffff45 fr.pc=0x0000019b8f727030 relative=0x0000000000000550
Event: 24.415 Thread 0x0000019bd9179920 Uncommon trap: reason=unstable_if action=reinterpret pc=0x0000019b8f727030 method=org.objectweb.asm.MethodWriter.visitVarInsn(II)V @ 108 c2
Event: 24.415 Thread 0x0000019bd9179920 DEOPT PACKING pc=0x0000019b8f727030 sp=0x00000034949f6810
Event: 24.415 Thread 0x0000019bd9179920 DEOPT UNPACKING pc=0x0000019b8ef369a3 sp=0x00000034949f67c0 mode 2
Event: 24.651 Thread 0x0000019bd9179920 Uncommon trap: trap_request=0xffffffbe fr.pc=0x0000019b8f6b74d0 relative=0x00000000000001b0
Event: 24.651 Thread 0x0000019bd9179920 Uncommon trap: reason=profile_predicate action=maybe_recompile pc=0x0000019b8f6b74d0 method=java.util.LinkedHashMap.keysToArray([Ljava/lang/Object;)[Ljava/lang/Object; @ 12 c2
Event: 24.651 Thread 0x0000019bd9179920 DEOPT PACKING pc=0x0000019b8f6b74d0 sp=0x00000034949f5f40
Event: 24.651 Thread 0x0000019bd9179920 DEOPT UNPACKING pc=0x0000019b8ef369a3 sp=0x00000034949f5ef8 mode 2
Event: 25.104 Thread 0x0000019bd9179920 Uncommon trap: trap_request=0xffffffbe fr.pc=0x0000019b8f6b74d0 relative=0x00000000000001b0
Event: 25.104 Thread 0x0000019bd9179920 Uncommon trap: reason=profile_predicate action=maybe_recompile pc=0x0000019b8f6b74d0 method=java.util.LinkedHashMap.keysToArray([Ljava/lang/Object;)[Ljava/lang/Object; @ 12 c2
Event: 25.104 Thread 0x0000019bd9179920 DEOPT PACKING pc=0x0000019b8f6b74d0 sp=0x00000034949f2c60
Event: 25.104 Thread 0x0000019bd9179920 DEOPT UNPACKING pc=0x0000019b8ef369a3 sp=0x00000034949f2c18 mode 2

Classes loaded (20 events):
Event: 22.593 Loading class java/util/Comparators$NaturalOrderComparator
Event: 22.593 Loading class java/util/Comparators$NaturalOrderComparator done
Event: 22.660 Loading class java/io/FileWriter
Event: 22.660 Loading class java/io/FileWriter done
Event: 22.724 Loading class sun/reflect/generics/tree/BooleanSignature
Event: 22.724 Loading class sun/reflect/generics/tree/BooleanSignature done
Event: 22.731 Loading class org/xml/sax/Locator
Event: 22.731 Loading class org/xml/sax/Locator done
Event: 22.731 Loading class org/xml/sax/SAXParseException
Event: 22.732 Loading class org/xml/sax/SAXParseException done
Event: 22.733 Loading class org/xml/sax/Attributes
Event: 22.734 Loading class org/xml/sax/Attributes done
Event: 22.735 Loading class java/util/function/LongUnaryOperator
Event: 22.735 Loading class java/util/function/LongUnaryOperator done
Event: 22.792 Loading class java/util/stream/ReduceOps$5
Event: 22.792 Loading class java/util/stream/ReduceOps$5 done
Event: 22.792 Loading class java/util/stream/ReduceOps$CountingSink$OfRef
Event: 22.793 Loading class java/util/stream/ReduceOps$CountingSink
Event: 22.793 Loading class java/util/stream/ReduceOps$CountingSink done
Event: 22.793 Loading class java/util/stream/ReduceOps$CountingSink$OfRef done

Classes unloaded (0 events):
No events

Classes redefined (0 events):
No events

Internal exceptions (20 events):
Event: 22.420 Thread 0x0000019bd9179920 Exception <a 'java/lang/ClassNotFoundException'{0x000000070fbbc978}: sun/misc/SharedSecrets> (0x000000070fbbc978) 
thrown [s\src\hotspot\share\classfile\systemDictionary.cpp, line 256]
Event: 22.465 Thread 0x0000019bd9179920 Exception <a 'sun/nio/fs/WindowsException'{0x00000007095687b8}> (0x00000007095687b8) 
thrown [s\src\hotspot\share\prims\jni.cpp, line 516]
Event: 22.465 Thread 0x0000019bd9179920 Exception <a 'sun/nio/fs/WindowsException'{0x000000070956a3d0}> (0x000000070956a3d0) 
thrown [s\src\hotspot\share\prims\jni.cpp, line 516]
Event: 22.466 Thread 0x0000019bd9179920 Exception <a 'sun/nio/fs/WindowsException'{0x0000000709574f78}> (0x0000000709574f78) 
thrown [s\src\hotspot\share\prims\jni.cpp, line 516]
Event: 22.590 Thread 0x0000019bd9179920 Exception <a 'java/lang/NoSuchMethodError'{0x0000000708a00990}: 'void java.lang.invoke.DirectMethodHandle$Holder.invokeStatic(java.lang.Object, java.lang.Object, java.lang.Object, java.lang.Object, java.lang.Object, java.lang.Object, java.lang.Object)'> (0x0000000708a00990) 
thrown [s\src\hotspot\share\interpreter\linkResolver.cpp, line 759]
Event: 22.713 Thread 0x0000019bd9179920 Exception <a 'java/lang/ClassNotFoundException'{0x0000000705a74bd8}: groovy/lang/ReferenceBeanInfo> (0x0000000705a74bd8) 
thrown [s\src\hotspot\share\classfile\systemDictionary.cpp, line 256]
Event: 22.713 Thread 0x0000019bd9179920 Exception <a 'java/lang/ClassNotFoundException'{0x0000000705a91c58}: groovy/lang/ReferenceCustomizer> (0x0000000705a91c58) 
thrown [s\src\hotspot\share\classfile\systemDictionary.cpp, line 256]
Event: 22.722 Thread 0x0000019bd9179920 Exception <a 'java/lang/ClassNotFoundException'{0x0000000705bb6ca8}: org/gradle/api/internal/project/DefaultProject_DecoratedBeanInfo> (0x0000000705bb6ca8) 
thrown [s\src\hotspot\share\classfile\systemDictionary.cpp, line 256]
Event: 22.722 Thread 0x0000019bd9179920 Exception <a 'java/lang/ClassNotFoundException'{0x0000000705bc6920}: org/gradle/api/internal/project/DefaultProjectBeanInfo> (0x0000000705bc6920) 
thrown [s\src\hotspot\share\classfile\systemDictionary.cpp, line 256]
Event: 22.722 Thread 0x0000019bd9179920 Exception <a 'java/lang/ClassNotFoundException'{0x0000000705bd6650}: org/gradle/api/internal/project/DefaultProjectCustomizer> (0x0000000705bd6650) 
thrown [s\src\hotspot\share\classfile\systemDictionary.cpp, line 256]
Event: 22.729 Thread 0x0000019bd9179920 Exception <a 'java/lang/ClassNotFoundException'{0x0000000705899098}: org/gradle/api/internal/project/DefaultProject_DecoratedCustomizer> (0x0000000705899098) 
thrown [s\src\hotspot\share\classfile\systemDictionary.cpp, line 256]
Event: 22.736 Thread 0x0000019bd9179920 Exception <a 'java/lang/NoSuchMethodError'{0x000000070591ab18}: 'long java.lang.invoke.DirectMethodHandle$Holder.invokeStatic(java.lang.Object, long)'> (0x000000070591ab18) 
thrown [s\src\hotspot\share\interpreter\linkResolver.cpp, line 759]
Event: 22.793 Thread 0x0000019bd9179920 Implicit null exception at 0x0000019b8f8b81ce to 0x0000019b8f8b81f4
Event: 22.889 Thread 0x0000019bd9179920 Exception <a 'java/lang/ClassNotFoundException'{0x0000000704ed1c98}: org/gradle/api/DefaultTask_DecoratedBeanInfo> (0x0000000704ed1c98) 
thrown [s\src\hotspot\share\classfile\systemDictionary.cpp, line 256]
Event: 22.890 Thread 0x0000019bd9179920 Exception <a 'java/lang/ClassNotFoundException'{0x0000000704ee2588}: org/gradle/api/DefaultTaskBeanInfo> (0x0000000704ee2588) 
thrown [s\src\hotspot\share\classfile\systemDictionary.cpp, line 256]
Event: 22.891 Thread 0x0000019bd9179920 Exception <a 'java/lang/ClassNotFoundException'{0x0000000704ef33c0}: org/gradle/api/internal/AbstractTaskBeanInfo> (0x0000000704ef33c0) 
thrown [s\src\hotspot\share\classfile\systemDictionary.cpp, line 256]
Event: 22.891 Thread 0x0000019bd9179920 Exception <a 'java/lang/ClassNotFoundException'{0x0000000704f03fa8}: org/gradle/api/internal/AbstractTaskCustomizer> (0x0000000704f03fa8) 
thrown [s\src\hotspot\share\classfile\systemDictionary.cpp, line 256]
Event: 22.894 Thread 0x0000019bd9179920 Exception <a 'java/lang/ClassNotFoundException'{0x0000000704f6c028}: org/gradle/api/DefaultTaskCustomizer> (0x0000000704f6c028) 
thrown [s\src\hotspot\share\classfile\systemDictionary.cpp, line 256]
Event: 22.898 Thread 0x0000019bd9179920 Exception <a 'java/lang/ClassNotFoundException'{0x0000000704fd9c08}: org/gradle/api/DefaultTask_DecoratedCustomizer> (0x0000000704fd9c08) 
thrown [s\src\hotspot\share\classfile\systemDictionary.cpp, line 256]
Event: 24.415 Thread 0x0000019bd9179920 Implicit null exception at 0x0000019b8f726ba4 to 0x0000019b8f727024

VM Operations (20 events):
Event: 21.609 Executing VM operation: G1CollectForAllocation
Event: 21.614 Executing VM operation: G1CollectForAllocation done
Event: 21.837 Executing VM operation: HandshakeAllThreads
Event: 21.837 Executing VM operation: HandshakeAllThreads done
Event: 21.914 Executing VM operation: HandshakeAllThreads
Event: 21.914 Executing VM operation: HandshakeAllThreads done
Event: 22.064 Executing VM operation: ICBufferFull
Event: 22.064 Executing VM operation: ICBufferFull done
Event: 22.370 Executing VM operation: G1CollectForAllocation
Event: 22.373 Executing VM operation: G1CollectForAllocation done
Event: 22.660 Executing VM operation: HandshakeAllThreads
Event: 22.660 Executing VM operation: HandshakeAllThreads done
Event: 22.674 Executing VM operation: ICBufferFull
Event: 22.674 Executing VM operation: ICBufferFull done
Event: 22.886 Executing VM operation: ICBufferFull
Event: 22.886 Executing VM operation: ICBufferFull done
Event: 23.889 Executing VM operation: Cleanup
Event: 23.904 Executing VM operation: Cleanup done
Event: 24.912 Executing VM operation: Cleanup
Event: 24.959 Executing VM operation: Cleanup done

Memory protections (0 events):
No events

Nmethod flushes (20 events):
Event: 19.858 Thread 0x0000019bd9089f60 flushing  nmethod 0x0000019b882a9210
Event: 19.858 Thread 0x0000019bd9089f60 flushing  nmethod 0x0000019b882a9e10
Event: 19.858 Thread 0x0000019bd9089f60 flushing  nmethod 0x0000019b882aa610
Event: 19.858 Thread 0x0000019bd9089f60 flushing  nmethod 0x0000019b882aac10
Event: 19.858 Thread 0x0000019bd9089f60 flushing  nmethod 0x0000019b882ab910
Event: 19.858 Thread 0x0000019bd9089f60 flushing  nmethod 0x0000019b882ceb10
Event: 19.859 Thread 0x0000019bd9089f60 flushing  nmethod 0x0000019b882eed90
Event: 19.859 Thread 0x0000019bd9089f60 flushing  nmethod 0x0000019b882ef190
Event: 19.859 Thread 0x0000019bd9089f60 flushing  nmethod 0x0000019b882fa990
Event: 19.859 Thread 0x0000019bd9089f60 flushing  nmethod 0x0000019b882fb510
Event: 19.859 Thread 0x0000019bd9089f60 flushing  nmethod 0x0000019b882fbd10
Event: 19.859 Thread 0x0000019bd9089f60 flushing  nmethod 0x0000019b882fce90
Event: 19.859 Thread 0x0000019bd9089f60 flushing  nmethod 0x0000019b882fd410
Event: 19.859 Thread 0x0000019bd9089f60 flushing  nmethod 0x0000019b88304c10
Event: 19.859 Thread 0x0000019bd9089f60 flushing  nmethod 0x0000019b88307810
Event: 19.859 Thread 0x0000019bd9089f60 flushing  nmethod 0x0000019b88318990
Event: 19.859 Thread 0x0000019bd9089f60 flushing  nmethod 0x0000019b88336090
Event: 19.859 Thread 0x0000019bd9089f60 flushing  nmethod 0x0000019b88348810
Event: 19.860 Thread 0x0000019bd9089f60 flushing  nmethod 0x0000019b883b9590
Event: 19.860 Thread 0x0000019bd9089f60 flushing  nmethod 0x0000019b883cfb10

Events (20 events):
Event: 18.944 Thread 0x0000019ba3020170 Thread added: 0x0000019bdf5ed580
Event: 19.467 Thread 0x0000019bd9179920 Thread added: 0x0000019bd95716b0
Event: 19.537 Thread 0x0000019bd9179920 Thread added: 0x0000019bd956fd60
Event: 19.828 Thread 0x0000019bd9179920 Thread added: 0x0000019bd95720d0
Event: 20.377 Thread 0x0000019bde85d750 Thread added: 0x0000019bdf5ebaf0
Event: 21.885 Thread 0x0000019bd9179920 Thread added: 0x0000019bd9575880
Event: 21.886 Thread 0x0000019bd9179920 Thread added: 0x0000019bd95725e0
Event: 21.940 Thread 0x0000019bd9179920 Thread added: 0x0000019bd9575d90
Event: 21.942 Thread 0x0000019bd9179920 Thread added: 0x0000019bd9574e60
Event: 21.991 Thread 0x0000019bd9179920 Thread added: 0x0000019bd95762a0
Event: 21.991 Thread 0x0000019bd9179920 Thread added: 0x0000019bd9573000
Event: 22.254 Thread 0x0000019bdf5ebaf0 Thread exited: 0x0000019bdf5ebaf0
Event: 22.254 Thread 0x0000019bdf5ed580 Thread exited: 0x0000019bdf5ed580
Event: 22.674 Thread 0x0000019bdfd415e0 Thread added: 0x0000019bdf5ed580
Event: 22.748 Thread 0x0000019bdf5ed580 Thread added: 0x0000019bdf5edad0
Event: 22.871 Thread 0x0000019bdf5edad0 Thread exited: 0x0000019bdf5edad0
Event: 23.122 Thread 0x0000019bdf5ed580 Thread exited: 0x0000019bdf5ed580
Event: 23.831 Thread 0x0000019be3109f80 Thread exited: 0x0000019be3109f80
Event: 23.843 Thread 0x0000019ba3020170 Thread added: 0x0000019bdf5ee020
Event: 24.044 Thread 0x0000019bde85d750 Thread added: 0x0000019bdf5ec590


Dynamic libraries:
0x00007ff618280000 - 0x00007ff61828e000 	C:\Program Files\Microsoft\jdk-17.0.15.6-hotspot\bin\java.exe
0x00007ffdd43a0000 - 0x00007ffdd4609000 	C:\WINDOWS\SYSTEM32\ntdll.dll
0x00007ffdd3620000 - 0x00007ffdd36e9000 	C:\WINDOWS\System32\KERNEL32.DLL
0x00007ffdd1d40000 - 0x00007ffdd2133000 	C:\WINDOWS\System32\KERNELBASE.dll
0x00007ffdd1ac0000 - 0x00007ffdd1c0b000 	C:\WINDOWS\System32\ucrtbase.dll
0x00007ffdc8b10000 - 0x00007ffdc8b27000 	C:\Program Files\Microsoft\jdk-17.0.15.6-hotspot\bin\jli.dll
0x00007ffdcc210000 - 0x00007ffdcc22d000 	C:\Program Files\Microsoft\jdk-17.0.15.6-hotspot\bin\VCRUNTIME140.dll
0x00007ffdd2a90000 - 0x00007ffdd2c54000 	C:\WINDOWS\System32\USER32.dll
0x00007ffdd2140000 - 0x00007ffdd2167000 	C:\WINDOWS\System32\win32u.dll
0x00007ffdac800000 - 0x00007ffdaca93000 	C:\WINDOWS\WinSxS\amd64_microsoft.windows.common-controls_6595b64144ccf1df_6.0.26100.5074_none_3e0d6f78e32fd63f\COMCTL32.dll
0x00007ffdd2170000 - 0x00007ffdd219b000 	C:\WINDOWS\System32\GDI32.dll
0x00007ffdd2890000 - 0x00007ffdd2939000 	C:\WINDOWS\System32\msvcrt.dll
0x00007ffdd1c10000 - 0x00007ffdd1d3d000 	C:\WINDOWS\System32\gdi32full.dll
0x00007ffdd15f0000 - 0x00007ffdd1693000 	C:\WINDOWS\System32\msvcp_win.dll
0x00007ffdd3520000 - 0x00007ffdd354f000 	C:\WINDOWS\System32\IMM32.DLL
0x00007ffdcc170000 - 0x00007ffdcc17c000 	C:\Program Files\Microsoft\jdk-17.0.15.6-hotspot\bin\vcruntime140_1.dll
0x00007ffdb3a30000 - 0x00007ffdb3abd000 	C:\Program Files\Microsoft\jdk-17.0.15.6-hotspot\bin\msvcp140.dll
0x00007ffcf2390000 - 0x00007ffcf3002000 	C:\Program Files\Microsoft\jdk-17.0.15.6-hotspot\bin\server\jvm.dll
0x00007ffdd3f40000 - 0x00007ffdd3ff4000 	C:\WINDOWS\System32\ADVAPI32.dll
0x00007ffdd2e30000 - 0x00007ffdd2ed6000 	C:\WINDOWS\System32\sechost.dll
0x00007ffdd2970000 - 0x00007ffdd2a88000 	C:\WINDOWS\System32\RPCRT4.dll
0x00007ffdd36f0000 - 0x00007ffdd3764000 	C:\WINDOWS\System32\WS2_32.dll
0x00007ffdd0db0000 - 0x00007ffdd0e0e000 	C:\WINDOWS\SYSTEM32\POWRPROF.dll
0x00007ffdc8020000 - 0x00007ffdc802b000 	C:\WINDOWS\SYSTEM32\VERSION.dll
0x00007ffdc4990000 - 0x00007ffdc49c5000 	C:\WINDOWS\SYSTEM32\WINMM.dll
0x00007ffdd0d90000 - 0x00007ffdd0da4000 	C:\WINDOWS\SYSTEM32\UMPDC.dll
0x00007ffdd02d0000 - 0x00007ffdd02eb000 	C:\WINDOWS\SYSTEM32\kernel.appcore.dll
0x00007ffdc8d90000 - 0x00007ffdc8d9a000 	C:\Program Files\Microsoft\jdk-17.0.15.6-hotspot\bin\jimage.dll
0x00007ffdce9f0000 - 0x00007ffdcec32000 	C:\WINDOWS\SYSTEM32\DBGHELP.DLL
0x00007ffdd31a0000 - 0x00007ffdd351b000 	C:\WINDOWS\System32\combase.dll
0x00007ffdd40a0000 - 0x00007ffdd4177000 	C:\WINDOWS\System32\OLEAUT32.dll
0x00007ffda4c90000 - 0x00007ffda4ccd000 	C:\WINDOWS\SYSTEM32\dbgcore.DLL
0x00007ffdd16a0000 - 0x00007ffdd1739000 	C:\WINDOWS\System32\bcryptPrimitives.dll
0x00007ffdc8ab0000 - 0x00007ffdc8abe000 	C:\Program Files\Microsoft\jdk-17.0.15.6-hotspot\bin\instrument.dll
0x00007ffdb3b40000 - 0x00007ffdb3b65000 	C:\Program Files\Microsoft\jdk-17.0.15.6-hotspot\bin\java.dll
0x00007ffdaccc0000 - 0x00007ffdacd96000 	C:\Program Files\Microsoft\jdk-17.0.15.6-hotspot\bin\jsvml.dll
0x00007ffdd3770000 - 0x00007ffdd3ebd000 	C:\WINDOWS\System32\SHELL32.dll
0x00007ffdd1740000 - 0x00007ffdd18ac000 	C:\WINDOWS\System32\wintypes.dll
0x00007ffdcf150000 - 0x00007ffdcf9a9000 	C:\WINDOWS\SYSTEM32\windows.storage.dll
0x00007ffdd21b0000 - 0x00007ffdd22a0000 	C:\WINDOWS\System32\SHCORE.dll
0x00007ffdd2dc0000 - 0x00007ffdd2e22000 	C:\WINDOWS\System32\shlwapi.dll
0x00007ffdd1450000 - 0x00007ffdd1479000 	C:\WINDOWS\SYSTEM32\profapi.dll
0x00007ffdb3a10000 - 0x00007ffdb3a28000 	C:\Program Files\Microsoft\jdk-17.0.15.6-hotspot\bin\zip.dll
0x00007ffdb3b20000 - 0x00007ffdb3b3a000 	C:\Program Files\Microsoft\jdk-17.0.15.6-hotspot\bin\net.dll
0x00007ffdca6d0000 - 0x00007ffdca7ef000 	C:\WINDOWS\SYSTEM32\WINHTTP.dll
0x00007ffdd0830000 - 0x00007ffdd089b000 	C:\WINDOWS\system32\mswsock.dll
0x00007ffdb3b00000 - 0x00007ffdb3b16000 	C:\Program Files\Microsoft\jdk-17.0.15.6-hotspot\bin\nio.dll
0x00007ffdc8b00000 - 0x00007ffdc8b10000 	C:\Program Files\Microsoft\jdk-17.0.15.6-hotspot\bin\verify.dll
0x00007ffdacf30000 - 0x00007ffdacf57000 	C:\Users\kingmingseo\.gradle\native\1def1411415f61bf3af743bc5b6707747c0891f09f0c88961ee8f79bc544acac\windows-amd64\native-platform.dll
0x00007ffdac4a0000 - 0x00007ffdac518000 	C:\Users\kingmingseo\.gradle\native\0.2.7\x86_64-windows-gnu\gradle-fileevents.dll
0x00007ffdc2800000 - 0x00007ffdc280a000 	C:\Program Files\Microsoft\jdk-17.0.15.6-hotspot\bin\management.dll
0x00007ffdb0650000 - 0x00007ffdb065b000 	C:\Program Files\Microsoft\jdk-17.0.15.6-hotspot\bin\management_ext.dll
0x00007ffdd2300000 - 0x00007ffdd2308000 	C:\WINDOWS\System32\PSAPI.DLL
0x00007ffdcfd20000 - 0x00007ffdcfd54000 	C:\WINDOWS\SYSTEM32\IPHLPAPI.DLL
0x00007ffdd4000000 - 0x00007ffdd400a000 	C:\WINDOWS\System32\NSI.dll
0x00007ffdca8d0000 - 0x00007ffdca8ee000 	C:\WINDOWS\SYSTEM32\dhcpcsvc6.DLL
0x00007ffdca800000 - 0x00007ffdca823000 	C:\WINDOWS\SYSTEM32\dhcpcsvc.DLL
0x00007ffdcfdc0000 - 0x00007ffdcfee6000 	C:\WINDOWS\SYSTEM32\DNSAPI.dll
0x00007ffdad2c0000 - 0x00007ffdad2c9000 	C:\Program Files\Microsoft\jdk-17.0.15.6-hotspot\bin\extnet.dll
0x00007ffdd0c00000 - 0x00007ffdd0c1b000 	C:\WINDOWS\SYSTEM32\CRYPTSP.dll
0x00007ffdd0230000 - 0x00007ffdd026b000 	C:\WINDOWS\system32\rsaenh.dll
0x00007ffdd08d0000 - 0x00007ffdd08fb000 	C:\WINDOWS\SYSTEM32\USERENV.dll
0x00007ffdd1420000 - 0x00007ffdd1446000 	C:\WINDOWS\SYSTEM32\bcrypt.dll
0x00007ffdd0a60000 - 0x00007ffdd0a6c000 	C:\WINDOWS\SYSTEM32\CRYPTBASE.dll
0x00007ffdad0c0000 - 0x00007ffdad0ce000 	C:\Program Files\Microsoft\jdk-17.0.15.6-hotspot\bin\sunmscapi.dll
0x00007ffdd1940000 - 0x00007ffdd1ab7000 	C:\WINDOWS\System32\CRYPT32.dll
0x00007ffdd0e70000 - 0x00007ffdd0ea0000 	C:\WINDOWS\SYSTEM32\ncrypt.dll
0x00007ffdd0e20000 - 0x00007ffdd0e5f000 	C:\WINDOWS\SYSTEM32\NTASN1.dll
0x00007ffda27c0000 - 0x00007ffda27c8000 	C:\WINDOWS\system32\wshunix.dll

dbghelp: loaded successfully - version: 4.0.5 - missing functions: none
symbol engine: initialized successfully - sym options: 0x614 - pdb path: .;C:\Program Files\Microsoft\jdk-17.0.15.6-hotspot\bin;C:\WINDOWS\SYSTEM32;C:\WINDOWS\WinSxS\amd64_microsoft.windows.common-controls_6595b64144ccf1df_6.0.26100.5074_none_3e0d6f78e32fd63f;C:\Program Files\Microsoft\jdk-17.0.15.6-hotspot\bin\server;C:\Users\kingmingseo\.gradle\native\1def1411415f61bf3af743bc5b6707747c0891f09f0c88961ee8f79bc544acac\windows-amd64;C:\Users\kingmingseo\.gradle\native\0.2.7\x86_64-windows-gnu

VM Arguments:
jvm_args: --add-opens=java.base/java.lang=ALL-UNNAMED --add-opens=java.base/java.lang.invoke=ALL-UNNAMED --add-opens=java.base/java.util=ALL-UNNAMED --add-opens=java.prefs/java.util.prefs=ALL-UNNAMED --add-exports=jdk.compiler/com.sun.tools.javac.api=ALL-UNNAMED --add-exports=jdk.compiler/com.sun.tools.javac.util=ALL-UNNAMED --add-opens=java.base/java.util=ALL-UNNAMED --add-opens=java.prefs/java.util.prefs=ALL-UNNAMED --add-opens=java.base/java.nio.charset=ALL-UNNAMED --add-opens=java.base/java.net=ALL-UNNAMED --add-opens=java.base/java.util.concurrent.atomic=ALL-UNNAMED --add-opens=java.xml/javax.xml.namespace=ALL-UNNAMED -XX:MaxMetaspaceSize=1024m -Xmx4096m -Dfile.encoding=x-windows-949 -Duser.country=KR -Duser.language=ko -Duser.variant -javaagent:C:\Users\kingmingseo\.gradle\wrapper\dists\gradle-8.13-bin\5xuhj0ry160q40clulazy9h7d\gradle-8.13\lib\agents\gradle-instrumentation-agent-8.13.jar 
java_command: org.gradle.launcher.daemon.bootstrap.GradleDaemon 8.13
java_class_path (initial): C:\Users\kingmingseo\.gradle\wrapper\dists\gradle-8.13-bin\5xuhj0ry160q40clulazy9h7d\gradle-8.13\lib\gradle-daemon-main-8.13.jar
Launcher Type: SUN_STANDARD

[Global flags]
     intx CICompilerCount                          = 12                                        {product} {ergonomic}
   size_t CompressedClassSpaceSize                 = 872415232                                 {product} {ergonomic}
     uint ConcGCThreads                            = 4                                         {product} {ergonomic}
     uint G1ConcRefinementThreads                  = 15                                        {product} {ergonomic}
   size_t G1HeapRegionSize                         = 2097152                                   {product} {ergonomic}
    uintx GCDrainStackTargetSize                   = 64                                        {product} {ergonomic}
   size_t InitialHeapSize                          = 264241152                                 {product} {ergonomic}
   size_t MarkStackSize                            = 4194304                                   {product} {ergonomic}
   size_t MaxHeapSize                              = 4294967296                                {product} {command line}
   size_t MaxMetaspaceSize                         = 1073741824                                {product} {command line}
   size_t MaxNewSize                               = 2575302656                                {product} {ergonomic}
   size_t MinHeapDeltaBytes                        = 2097152                                   {product} {ergonomic}
   size_t MinHeapSize                              = 8388608                                   {product} {ergonomic}
    uintx NonNMethodCodeHeapSize                   = 7602480                                {pd product} {ergonomic}
    uintx NonProfiledCodeHeapSize                  = 122027880                              {pd product} {ergonomic}
    uintx ProfiledCodeHeapSize                     = 122027880                              {pd product} {ergonomic}
    uintx ReservedCodeCacheSize                    = 251658240                              {pd product} {ergonomic}
     bool SegmentedCodeCache                       = true                                      {product} {ergonomic}
   size_t SoftMaxHeapSize                          = 4294967296                             {manageable} {ergonomic}
     bool UseCompressedClassPointers               = true                           {product lp64_product} {ergonomic}
     bool UseCompressedOops                        = true                           {product lp64_product} {ergonomic}
     bool UseG1GC                                  = true                                      {product} {ergonomic}
     bool UseLargePagesIndividualAllocation        = false                                  {pd product} {ergonomic}

Logging:
Log output configuration:
 #0: stdout all=warning uptime,level,tags
 #1: stderr all=off uptime,level,tags

Environment Variables:
JAVA_HOME=C:\Program Files\Microsoft\jdk-17.0.15.6-hotspot\
CLASSPATH=c:\Users\kingmingseo\Desktop\MatZip\MatZip\android\\gradle\wrapper\gradle-wrapper.jar
PATH=C:\Program Files\Microsoft\jdk-17.0.15.6-hotspot\bin;C:\Program Files\Common Files\Oracle\Java\javapath;c:\Users\kingmingseo\AppData\Local\Programs\cursor\resources\app\bin;C:\Python313\Scripts\;C:\Python313\;C:\WINDOWS\system32;C:\WINDOWS;C:\WINDOWS\System32\Wbem;C:\WINDOWS\System32\WindowsPowerShell\v1.0\;C:\WINDOWS\System32\OpenSSH\;C:\Program Files\dotnet\;C:\Program Files (x86)\NVIDIA Corporation\PhysX\Common;C:\Program Files\Bandizip\;C:\Program Files\Git\cmd;C:\ProgramData\chocolatey\bin;C:\Program Files\Docker\Docker\resources\bin;C:\Program Files\NVIDIA Corporation\NVIDIA app\NvDLISR;C:\Users\kingmingseo\AppData\Local\nvm;C:\nvm4w\nodejs;C:\Users\kingmingseo\anaconda3;C:\Users\kingmingseo\anaconda3\Library\mingw-w64\bin;C:\Users\kingmingseo\anaconda3\Library\usr\bin;C:\Users\kingmingseo\anaconda3\Library\bin;C:\Users\kingmingseo\anaconda3\Scripts;C:\Users\kingmingseo\AppData\Local\Microsoft\WindowsApps;C:\Users\kingmingseo\AppData\Local\nvm;C:\nvm4w\nodejs;C:\Users\kingmingseo\AppData\Local\Programs\cursor\resources\app\bin;c:\Users\kingmingseo\AppData\Local\Programs\cursor\resources\app\bin;C:\Program Files\nodejs\;C:\Users\kingmingseo\anaconda3;C:\Users\kingmingseo\anaconda3\Library\mingw-w64\bin;C:\Users\kingmingseo\anaconda3\Library\usr\bin;C:\Users\kingmingseo\anaconda3\Library\bin;C:\Users\kingmingseo\anaconda3\Scripts;C:\Users\kingmingseo\AppData\Local\Microsoft\WindowsApps;C:\Users\kingmingseo\AppData\Local\Programs\Microsoft VS Code\bin;C:\Users\kingmingseo\AppData\Local\nvm;C:\nvm4w\nodejs;C:\Users\kingmingseo\AppData\Local\Programs\cursor\resources\app\bin;C:\Users\kingmingseo\.bun\bin;C:\Users\kingmingseo\AppData\Roaming\npm;C:\Users\kingmingseo\AppData\Local\Android\Sdk\platform-tools;
USERNAME=kingmingseo
OS=Windows_NT
PROCESSOR_IDENTIFIER=Intel64 Family 6 Model 154 Stepping 3, GenuineIntel
TMP=C:\Users\KINGMI~1\AppData\Local\Temp
TEMP=C:\Users\KINGMI~1\AppData\Local\Temp



Periodic native trim disabled


---------------  S Y S T E M  ---------------

OS:
 Windows 11 , 64 bit Build 26100 (10.0.26100.5074)
OS uptime: 0 days 2:11 hours
Hyper-V role detected

CPU: total 20 (initial active 20) (10 cores per cpu, 2 threads per core) family 6 model 154 stepping 3 microcode 0x42c, cx8, cmov, fxsr, ht, mmx, 3dnowpref, sse, sse2, sse3, ssse3, sse4.1, sse4.2, popcnt, lzcnt, tsc, tscinvbit, avx, avx2, aes, erms, clmul, bmi1, bmi2, adx, sha, fma, vzeroupper, clflush, clflushopt, clwb, hv
Processor Information for processor 0
  Max Mhz: 2300, Current Mhz: 2300, Mhz Limit: 2300
Processor Information for processor 1
  Max Mhz: 2300, Current Mhz: 2300, Mhz Limit: 2300
Processor Information for processor 2
  Max Mhz: 2300, Current Mhz: 2300, Mhz Limit: 2300
Processor Information for processor 3
  Max Mhz: 2300, Current Mhz: 2300, Mhz Limit: 2300
Processor Information for processor 4
  Max Mhz: 2300, Current Mhz: 2300, Mhz Limit: 2300
Processor Information for processor 5
  Max Mhz: 2300, Current Mhz: 2300, Mhz Limit: 2300
Processor Information for processor 6
  Max Mhz: 2300, Current Mhz: 1506, Mhz Limit: 2300
Processor Information for processor 7
  Max Mhz: 2300, Current Mhz: 2300, Mhz Limit: 2300
Processor Information for processor 8
  Max Mhz: 2300, Current Mhz: 2300, Mhz Limit: 2300
Processor Information for processor 9
  Max Mhz: 2300, Current Mhz: 2300, Mhz Limit: 2300
Processor Information for processor 10
  Max Mhz: 2300, Current Mhz: 1506, Mhz Limit: 2300
Processor Information for processor 11
  Max Mhz: 2300, Current Mhz: 2300, Mhz Limit: 2300
Processor Information for processor 12
  Max Mhz: 2300, Current Mhz: 1700, Mhz Limit: 1679
Processor Information for processor 13
  Max Mhz: 2300, Current Mhz: 1700, Mhz Limit: 1679
Processor Information for processor 14
  Max Mhz: 2300, Current Mhz: 1700, Mhz Limit: 1679
Processor Information for processor 15
  Max Mhz: 2300, Current Mhz: 1700, Mhz Limit: 1679
Processor Information for processor 16
  Max Mhz: 2300, Current Mhz: 1700, Mhz Limit: 1679
Processor Information for processor 17
  Max Mhz: 2300, Current Mhz: 1700, Mhz Limit: 1679
Processor Information for processor 18
  Max Mhz: 2300, Current Mhz: 1700, Mhz Limit: 1679
Processor Information for processor 19
  Max Mhz: 2300, Current Mhz: 1700, Mhz Limit: 1679

Memory: 4k page, system-wide physical 16049M (1111M free)
TotalPageFile size 46363M (AvailPageFile size 12M)
current process WorkingSet (physical memory assigned to process): 341M, peak: 341M
current process commit charge ("private bytes"): 400M, peak: 453M

vm_info: OpenJDK 64-Bit Server VM (17.0.15+6-LTS) for windows-amd64 JRE (17.0.15+6-LTS), built on Apr  9 2025 22:27:25 by "MicrosoftCorporation" with unknown MS VC++:1939

END.
